<?xml version="1.0" encoding="UTF-8" ?>
<testsuite errors="2" failures="0" hostname="DESKTOP-JNAL68L" name="simpledb.InsertTest" skipped="0" tests="2" time="0.215" timestamp="2021-02-18T16:05:52">
  <properties>
[...]
</properties>
  <testcase classname="simpledb.InsertTest" name="getTupleDesc" time="0.098">
    <error message="implement this" type="java.lang.UnsupportedOperationException">java.lang.UnsupportedOperationException: implement this
	at simpledb.HeapFile.getId(HeapFile.java:50)
	at simpledb.Utility.createEmptyHeapFile(Utility.java:112)
	at simpledb.TestUtil$CreateHeapFile.setUp(TestUtil.java:388)
	at simpledb.InsertTest.setUp(InsertTest.java:23)
	at java.base/jdk.internal.reflect.NativeMethodAccessorImpl.invoke0(Native Method)
	at java.base/jdk.internal.reflect.NativeMethodAccessorImpl.invoke(NativeMethodAccessorImpl.java:62)
	at java.base/jdk.internal.reflect.DelegatingMethodAccessorImpl.invoke(DelegatingMethodAccessorImpl.java:43)
</error>
  </testcase>
  <testcase classname="simpledb.InsertTest" name="getNext" time="0.003">
    <error message="implement this" type="java.lang.UnsupportedOperationException">java.lang.UnsupportedOperationException: implement this
	at simpledb.HeapFile.getId(HeapFile.java:50)
	at simpledb.Utility.createEmptyHeapFile(Utility.java:112)
	at simpledb.TestUtil$CreateHeapFile.setUp(TestUtil.java:388)
	at simpledb.InsertTest.setUp(InsertTest.java:23)
	at java.base/jdk.internal.reflect.NativeMethodAccessorImpl.invoke0(Native Method)
	at java.base/jdk.internal.reflect.NativeMethodAccessorImpl.invoke(NativeMethodAccessorImpl.java:62)
	at java.base/jdk.internal.reflect.DelegatingMethodAccessorImpl.invoke(DelegatingMethodAccessorImpl.java:43)
</error>
  </testcase>
  <system-out><![CDATA[]]></system-out>
  <system-err><![CDATA[]]></system-err>
</testsuite>
