Testsuite: simpledb.TupleDescTest
Tests run: 6, Failures: 4, Errors: 1, Skipped: 0, Time elapsed: 0.22 sec

Testcase: combine took 0.031 sec
	Caused an ERROR
null
java.lang.NullPointerException
	at simpledb.TupleDescTest.combine(TupleDescTest.java:26)
	at java.base/jdk.internal.reflect.NativeMethodAccessorImpl.invoke0(Native Method)
	at java.base/jdk.internal.reflect.NativeMethodAccessorImpl.invoke(NativeMethodAccessorImpl.java:62)
	at java.base/jdk.internal.reflect.DelegatingMethodAccessorImpl.invoke(DelegatingMethodAccessorImpl.java:43)

Testcase: getType took 0.001 sec
	Caused an ERROR
expected:<INT_TYPE> but was:<null>
java.lang.AssertionError: expected:<INT_TYPE> but was:<null>
	at simpledb.TupleDescTest.getType(TupleDescTest.java:79)
	at java.base/jdk.internal.reflect.NativeMethodAccessorImpl.invoke0(Native Method)
	at java.base/jdk.internal.reflect.NativeMethodAccessorImpl.invoke(NativeMethodAccessorImpl.java:62)
	at java.base/jdk.internal.reflect.DelegatingMethodAccessorImpl.invoke(DelegatingMethodAccessorImpl.java:43)

Testcase: getSize took 0.001 sec
	Caused an ERROR
expected:<4> but was:<0>
java.lang.AssertionError: expected:<4> but was:<0>
	at simpledb.TupleDescTest.getSize(TupleDescTest.java:132)
	at java.base/jdk.internal.reflect.NativeMethodAccessorImpl.invoke0(Native Method)
	at java.base/jdk.internal.reflect.NativeMethodAccessorImpl.invoke(NativeMethodAccessorImpl.java:62)
	at java.base/jdk.internal.reflect.DelegatingMethodAccessorImpl.invoke(DelegatingMethodAccessorImpl.java:43)

Testcase: numFields took 0 sec
Testcase: testEquals took 0.001 sec
	Caused an ERROR

java.lang.AssertionError: 
	at simpledb.TupleDescTest.testEquals(TupleDescTest.java:159)
	at java.base/jdk.internal.reflect.NativeMethodAccessorImpl.invoke0(Native Method)
	at java.base/jdk.internal.reflect.NativeMethodAccessorImpl.invoke(NativeMethodAccessorImpl.java:62)
	at java.base/jdk.internal.reflect.DelegatingMethodAccessorImpl.invoke(DelegatingMethodAccessorImpl.java:43)

Testcase: nameToId took 0.001 sec
	Caused an ERROR
foo is not a valid field name
junit.framework.AssertionFailedError: foo is not a valid field name
	at simpledb.TupleDescTest.nameToId(TupleDescTest.java:100)
	at java.base/jdk.internal.reflect.NativeMethodAccessorImpl.invoke0(Native Method)
	at java.base/jdk.internal.reflect.NativeMethodAccessorImpl.invoke(NativeMethodAccessorImpl.java:62)
	at java.base/jdk.internal.reflect.DelegatingMethodAccessorImpl.invoke(DelegatingMethodAccessorImpl.java:43)

