<?xml version="1.0" encoding="UTF-8" ?>
<testsuites>
  <testsuite errors="8" failures="0" hostname="DESKTOP-JNAL68L" id="0" name="AggregateTest" package="simpledb" skipped="0" tests="8" time="0.139" timestamp="2021-02-18T16:05:36">
      <properties>
[...]
</properties>

      <testcase classname="simpledb.AggregateTest" name="rewind" time="0.021">
          <error type="java.lang.NullPointerException">java.lang.NullPointerException
	at simpledb.TupleIterator.&lt;init&gt;(TupleIterator.java:30)
	at simpledb.TestUtil.createTupleList(TestUtil.java:36)
	at simpledb.AggregateTest.createTupleLists(AggregateTest.java:32)
	at java.base/jdk.internal.reflect.NativeMethodAccessorImpl.invoke0(Native Method)
	at java.base/jdk.internal.reflect.NativeMethodAccessorImpl.invoke(NativeMethodAccessorImpl.java:62)
	at java.base/jdk.internal.reflect.DelegatingMethodAccessorImpl.invoke(DelegatingMethodAccessorImpl.java:43)
</error>

      </testcase>

      <testcase classname="simpledb.AggregateTest" name="countStringAggregate" time="0.001">
          <error type="java.lang.NullPointerException">java.lang.NullPointerException
	at simpledb.TupleIterator.&lt;init&gt;(TupleIterator.java:30)
	at simpledb.TestUtil.createTupleList(TestUtil.java:36)
	at simpledb.AggregateTest.createTupleLists(AggregateTest.java:32)
	at java.base/jdk.internal.reflect.NativeMethodAccessorImpl.invoke0(Native Method)
	at java.base/jdk.internal.reflect.NativeMethodAccessorImpl.invoke(NativeMethodAccessorImpl.java:62)
	at java.base/jdk.internal.reflect.DelegatingMethodAccessorImpl.invoke(DelegatingMethodAccessorImpl.java:43)
</error>

      </testcase>

      <testcase classname="simpledb.AggregateTest" name="getTupleDesc" time="0.001">
          <error type="java.lang.NullPointerException">java.lang.NullPointerException
	at simpledb.TupleIterator.&lt;init&gt;(TupleIterator.java:30)
	at simpledb.TestUtil.createTupleList(TestUtil.java:36)
	at simpledb.AggregateTest.createTupleLists(AggregateTest.java:32)
	at java.base/jdk.internal.reflect.NativeMethodAccessorImpl.invoke0(Native Method)
	at java.base/jdk.internal.reflect.NativeMethodAccessorImpl.invoke(NativeMethodAccessorImpl.java:62)
	at java.base/jdk.internal.reflect.DelegatingMethodAccessorImpl.invoke(DelegatingMethodAccessorImpl.java:43)
</error>

      </testcase>

      <testcase classname="simpledb.AggregateTest" name="maxAggregate" time="0.001">
          <error type="java.lang.NullPointerException">java.lang.NullPointerException
	at simpledb.TupleIterator.&lt;init&gt;(TupleIterator.java:30)
	at simpledb.TestUtil.createTupleList(TestUtil.java:36)
	at simpledb.AggregateTest.createTupleLists(AggregateTest.java:32)
	at java.base/jdk.internal.reflect.NativeMethodAccessorImpl.invoke0(Native Method)
	at java.base/jdk.internal.reflect.NativeMethodAccessorImpl.invoke(NativeMethodAccessorImpl.java:62)
	at java.base/jdk.internal.reflect.DelegatingMethodAccessorImpl.invoke(DelegatingMethodAccessorImpl.java:43)
</error>

      </testcase>

      <testcase classname="simpledb.AggregateTest" name="minAggregate" time="0.0">
          <error type="java.lang.NullPointerException">java.lang.NullPointerException
	at simpledb.TupleIterator.&lt;init&gt;(TupleIterator.java:30)
	at simpledb.TestUtil.createTupleList(TestUtil.java:36)
	at simpledb.AggregateTest.createTupleLists(AggregateTest.java:32)
	at java.base/jdk.internal.reflect.NativeMethodAccessorImpl.invoke0(Native Method)
	at java.base/jdk.internal.reflect.NativeMethodAccessorImpl.invoke(NativeMethodAccessorImpl.java:62)
	at java.base/jdk.internal.reflect.DelegatingMethodAccessorImpl.invoke(DelegatingMethodAccessorImpl.java:43)
</error>

      </testcase>

      <testcase classname="simpledb.AggregateTest" name="sumAggregate" time="0.001">
          <error type="java.lang.NullPointerException">java.lang.NullPointerException
	at simpledb.TupleIterator.&lt;init&gt;(TupleIterator.java:30)
	at simpledb.TestUtil.createTupleList(TestUtil.java:36)
	at simpledb.AggregateTest.createTupleLists(AggregateTest.java:32)
	at java.base/jdk.internal.reflect.NativeMethodAccessorImpl.invoke0(Native Method)
	at java.base/jdk.internal.reflect.NativeMethodAccessorImpl.invoke(NativeMethodAccessorImpl.java:62)
	at java.base/jdk.internal.reflect.DelegatingMethodAccessorImpl.invoke(DelegatingMethodAccessorImpl.java:43)
</error>

      </testcase>

      <testcase classname="simpledb.AggregateTest" name="avgAggregate" time="0.0">
          <error type="java.lang.NullPointerException">java.lang.NullPointerException
	at simpledb.TupleIterator.&lt;init&gt;(TupleIterator.java:30)
	at simpledb.TestUtil.createTupleList(TestUtil.java:36)
	at simpledb.AggregateTest.createTupleLists(AggregateTest.java:32)
	at java.base/jdk.internal.reflect.NativeMethodAccessorImpl.invoke0(Native Method)
	at java.base/jdk.internal.reflect.NativeMethodAccessorImpl.invoke(NativeMethodAccessorImpl.java:62)
	at java.base/jdk.internal.reflect.DelegatingMethodAccessorImpl.invoke(DelegatingMethodAccessorImpl.java:43)
</error>

      </testcase>

      <testcase classname="simpledb.AggregateTest" name="sumStringGroupBy" time="0.0">
          <error type="java.lang.NullPointerException">java.lang.NullPointerException
	at simpledb.TupleIterator.&lt;init&gt;(TupleIterator.java:30)
	at simpledb.TestUtil.createTupleList(TestUtil.java:36)
	at simpledb.AggregateTest.createTupleLists(AggregateTest.java:32)
	at java.base/jdk.internal.reflect.NativeMethodAccessorImpl.invoke0(Native Method)
	at java.base/jdk.internal.reflect.NativeMethodAccessorImpl.invoke(NativeMethodAccessorImpl.java:62)
	at java.base/jdk.internal.reflect.DelegatingMethodAccessorImpl.invoke(DelegatingMethodAccessorImpl.java:43)
</error>

      </testcase>

      <system-out><![CDATA[]]></system-out>

      <system-err><![CDATA[]]></system-err>

  </testsuite>
  <testsuite errors="1" failures="0" hostname="DESKTOP-JNAL68L" id="1" name="BTreeDeadlockTest" package="simpledb" skipped="0" tests="1" time="0.505" timestamp="2021-02-18T16:05:37">
      <properties>
[...]
</properties>

      <testcase classname="simpledb.BTreeDeadlockTest" name="testReadWriteDeadlock" time="0.412">
          <error message="implement this" type="java.lang.UnsupportedOperationException">java.lang.UnsupportedOperationException: implement this
	at simpledb.HeapFile.getId(HeapFile.java:50)
	at simpledb.BTreeFileEncoder.convert(BTreeFileEncoder.java:209)
	at simpledb.BTreeFileEncoder.convert(BTreeFileEncoder.java:179)
	at simpledb.BTreeUtility.createRandomBTreeFile(BTreeUtility.java:157)
	at simpledb.BTreeUtility.createRandomBTreeFile(BTreeUtility.java:119)
	at simpledb.BTreeDeadlockTest.setUp(BTreeDeadlockTest.java:31)
	at java.base/jdk.internal.reflect.NativeMethodAccessorImpl.invoke0(Native Method)
	at java.base/jdk.internal.reflect.NativeMethodAccessorImpl.invoke(NativeMethodAccessorImpl.java:62)
	at java.base/jdk.internal.reflect.DelegatingMethodAccessorImpl.invoke(DelegatingMethodAccessorImpl.java:43)
</error>

      </testcase>

      <system-out><![CDATA[]]></system-out>

      <system-err><![CDATA[]]></system-err>

  </testsuite>
  <testsuite errors="7" failures="0" hostname="DESKTOP-JNAL68L" id="2" name="BTreeFileDeleteTest" package="simpledb" skipped="0" tests="7" time="0.278" timestamp="2021-02-18T16:05:38">
      <properties>
[...]
</properties>

      <testcase classname="simpledb.BTreeFileDeleteTest" name="testStealFromRightLeafPage" time="0.096">
          <error type="java.lang.NullPointerException">java.lang.NullPointerException
	at simpledb.BTreeFileEncoder$TupleComparator.compare(BTreeFileEncoder.java:132)
	at simpledb.BTreeFileEncoder$TupleComparator.compare(BTreeFileEncoder.java:113)
	at java.base/java.util.TimSort.countRunAndMakeAscending(TimSort.java:355)
	at java.base/java.util.TimSort.sort(TimSort.java:234)
	at java.base/java.util.Arrays.sort(Arrays.java:1306)
	at java.base/java.util.ArrayList.sort(ArrayList.java:1720)
	at java.base/java.util.Collections.sort(Collections.java:179)
	at simpledb.BTreeFileEncoder.convertToLeafPage(BTreeFileEncoder.java:557)
	at simpledb.BTreeUtility.createRandomLeafPage(BTreeUtility.java:314)
	at simpledb.BTreeFileDeleteTest.testStealFromRightLeafPage(BTreeFileDeleteTest.java:106)
	at java.base/jdk.internal.reflect.NativeMethodAccessorImpl.invoke0(Native Method)
	at java.base/jdk.internal.reflect.NativeMethodAccessorImpl.invoke(NativeMethodAccessorImpl.java:62)
	at java.base/jdk.internal.reflect.DelegatingMethodAccessorImpl.invoke(DelegatingMethodAccessorImpl.java:43)
</error>

      </testcase>

      <testcase classname="simpledb.BTreeFileDeleteTest" name="testStealFromLeftInternalPage" time="0.013">
          <error type="java.lang.NullPointerException">java.lang.NullPointerException
	at simpledb.BTreeInternalPage.getMaxEntries(BTreeInternalPage.java:118)
	at simpledb.BTreeInternalPage.&lt;init&gt;(BTreeInternalPage.java:70)
	at simpledb.BTreeUtility.createRandomInternalPage(BTreeUtility.java:363)
	at simpledb.BTreeFileDeleteTest.testStealFromLeftInternalPage(BTreeFileDeleteTest.java:195)
	at java.base/jdk.internal.reflect.NativeMethodAccessorImpl.invoke0(Native Method)
	at java.base/jdk.internal.reflect.NativeMethodAccessorImpl.invoke(NativeMethodAccessorImpl.java:62)
	at java.base/jdk.internal.reflect.DelegatingMethodAccessorImpl.invoke(DelegatingMethodAccessorImpl.java:43)
</error>

      </testcase>

      <testcase classname="simpledb.BTreeFileDeleteTest" name="testStealFromRightInternalPage" time="0.008">
          <error type="java.lang.NullPointerException">java.lang.NullPointerException
	at simpledb.BTreeInternalPage.getMaxEntries(BTreeInternalPage.java:118)
	at simpledb.BTreeInternalPage.&lt;init&gt;(BTreeInternalPage.java:70)
	at simpledb.BTreeUtility.createRandomInternalPage(BTreeUtility.java:363)
	at simpledb.BTreeFileDeleteTest.testStealFromRightInternalPage(BTreeFileDeleteTest.java:261)
	at java.base/jdk.internal.reflect.NativeMethodAccessorImpl.invoke0(Native Method)
	at java.base/jdk.internal.reflect.NativeMethodAccessorImpl.invoke(NativeMethodAccessorImpl.java:62)
	at java.base/jdk.internal.reflect.DelegatingMethodAccessorImpl.invoke(DelegatingMethodAccessorImpl.java:43)
</error>

      </testcase>

      <testcase classname="simpledb.BTreeFileDeleteTest" name="testStealFromLeftLeafPage" time="0.003">
          <error type="java.lang.NullPointerException">java.lang.NullPointerException
	at simpledb.BTreeFileEncoder$TupleComparator.compare(BTreeFileEncoder.java:132)
	at simpledb.BTreeFileEncoder$TupleComparator.compare(BTreeFileEncoder.java:113)
	at java.base/java.util.TimSort.countRunAndMakeAscending(TimSort.java:355)
	at java.base/java.util.TimSort.sort(TimSort.java:234)
	at java.base/java.util.Arrays.sort(Arrays.java:1306)
	at java.base/java.util.ArrayList.sort(ArrayList.java:1720)
	at java.base/java.util.Collections.sort(Collections.java:179)
	at simpledb.BTreeFileEncoder.convertToLeafPage(BTreeFileEncoder.java:557)
	at simpledb.BTreeUtility.createRandomLeafPage(BTreeUtility.java:314)
	at simpledb.BTreeFileDeleteTest.testStealFromLeftLeafPage(BTreeFileDeleteTest.java:67)
	at java.base/jdk.internal.reflect.NativeMethodAccessorImpl.invoke0(Native Method)
	at java.base/jdk.internal.reflect.NativeMethodAccessorImpl.invoke(NativeMethodAccessorImpl.java:62)
	at java.base/jdk.internal.reflect.DelegatingMethodAccessorImpl.invoke(DelegatingMethodAccessorImpl.java:43)
</error>

      </testcase>

      <testcase classname="simpledb.BTreeFileDeleteTest" name="testMergeInternalPages" time="0.01">
          <error type="java.lang.NullPointerException">java.lang.NullPointerException
	at simpledb.BTreeInternalPage.getMaxEntries(BTreeInternalPage.java:118)
	at simpledb.BTreeInternalPage.&lt;init&gt;(BTreeInternalPage.java:70)
	at simpledb.BTreeUtility.createRandomInternalPage(BTreeUtility.java:363)
	at simpledb.BTreeFileDeleteTest.testMergeInternalPages(BTreeFileDeleteTest.java:327)
	at java.base/jdk.internal.reflect.NativeMethodAccessorImpl.invoke0(Native Method)
	at java.base/jdk.internal.reflect.NativeMethodAccessorImpl.invoke(NativeMethodAccessorImpl.java:62)
	at java.base/jdk.internal.reflect.DelegatingMethodAccessorImpl.invoke(DelegatingMethodAccessorImpl.java:43)
</error>

      </testcase>

      <testcase classname="simpledb.BTreeFileDeleteTest" name="deleteTuple" time="0.007">
          <error message="implement this" type="java.lang.UnsupportedOperationException">java.lang.UnsupportedOperationException: implement this
	at simpledb.HeapFile.getId(HeapFile.java:50)
	at simpledb.BTreeFileEncoder.convert(BTreeFileEncoder.java:209)
	at simpledb.BTreeFileEncoder.convert(BTreeFileEncoder.java:179)
	at simpledb.BTreeUtility.createRandomBTreeFile(BTreeUtility.java:157)
	at simpledb.BTreeUtility.createRandomBTreeFile(BTreeUtility.java:119)
	at simpledb.BTreeFileDeleteTest.deleteTuple(BTreeFileDeleteTest.java:37)
	at java.base/jdk.internal.reflect.NativeMethodAccessorImpl.invoke0(Native Method)
	at java.base/jdk.internal.reflect.NativeMethodAccessorImpl.invoke(NativeMethodAccessorImpl.java:62)
	at java.base/jdk.internal.reflect.DelegatingMethodAccessorImpl.invoke(DelegatingMethodAccessorImpl.java:43)
</error>

      </testcase>

      <testcase classname="simpledb.BTreeFileDeleteTest" name="testMergeLeafPages" time="0.002">
          <error type="java.lang.NullPointerException">java.lang.NullPointerException
	at simpledb.BTreeFileEncoder$TupleComparator.compare(BTreeFileEncoder.java:132)
	at simpledb.BTreeFileEncoder$TupleComparator.compare(BTreeFileEncoder.java:113)
	at java.base/java.util.TimSort.countRunAndMakeAscending(TimSort.java:355)
	at java.base/java.util.TimSort.sort(TimSort.java:234)
	at java.base/java.util.Arrays.sort(Arrays.java:1306)
	at java.base/java.util.ArrayList.sort(ArrayList.java:1720)
	at java.base/java.util.Collections.sort(Collections.java:179)
	at simpledb.BTreeFileEncoder.convertToLeafPage(BTreeFileEncoder.java:557)
	at simpledb.BTreeUtility.createRandomLeafPage(BTreeUtility.java:314)
	at simpledb.BTreeFileDeleteTest.testMergeLeafPages(BTreeFileDeleteTest.java:145)
	at java.base/jdk.internal.reflect.NativeMethodAccessorImpl.invoke0(Native Method)
	at java.base/jdk.internal.reflect.NativeMethodAccessorImpl.invoke(NativeMethodAccessorImpl.java:62)
	at java.base/jdk.internal.reflect.DelegatingMethodAccessorImpl.invoke(DelegatingMethodAccessorImpl.java:43)
</error>

      </testcase>

      <system-out><![CDATA[]]></system-out>

      <system-err><![CDATA[]]></system-err>

  </testsuite>
  <testsuite errors="3" failures="0" hostname="DESKTOP-JNAL68L" id="3" name="BTreeFileInsertTest" package="simpledb" skipped="0" tests="3" time="0.22" timestamp="2021-02-18T16:05:39">
      <properties>
[...]
</properties>

      <testcase classname="simpledb.BTreeFileInsertTest" name="testSplitInternalPages" time="0.104">
          <error type="java.lang.NullPointerException">java.lang.NullPointerException
	at simpledb.BTreeInternalPage.getMaxEntries(BTreeInternalPage.java:118)
	at simpledb.BTreeInternalPage.&lt;init&gt;(BTreeInternalPage.java:70)
	at simpledb.BTreeUtility.createRandomInternalPage(BTreeUtility.java:363)
	at simpledb.BTreeUtility.createRandomInternalPage(BTreeUtility.java:345)
	at simpledb.BTreeFileInsertTest.testSplitInternalPages(BTreeFileInsertTest.java:97)
	at java.base/jdk.internal.reflect.NativeMethodAccessorImpl.invoke0(Native Method)
	at java.base/jdk.internal.reflect.NativeMethodAccessorImpl.invoke(NativeMethodAccessorImpl.java:62)
	at java.base/jdk.internal.reflect.DelegatingMethodAccessorImpl.invoke(DelegatingMethodAccessorImpl.java:43)
</error>

      </testcase>

      <testcase classname="simpledb.BTreeFileInsertTest" name="testSplitLeafPages" time="0.006">
          <error type="java.lang.NullPointerException">java.lang.NullPointerException
	at simpledb.BTreeFileEncoder$TupleComparator.compare(BTreeFileEncoder.java:132)
	at simpledb.BTreeFileEncoder$TupleComparator.compare(BTreeFileEncoder.java:113)
	at java.base/java.util.TimSort.countRunAndMakeAscending(TimSort.java:355)
	at java.base/java.util.TimSort.sort(TimSort.java:234)
	at java.base/java.util.Arrays.sort(Arrays.java:1306)
	at java.base/java.util.ArrayList.sort(ArrayList.java:1720)
	at java.base/java.util.Collections.sort(Collections.java:179)
	at simpledb.BTreeFileEncoder.convertToLeafPage(BTreeFileEncoder.java:557)
	at simpledb.BTreeUtility.createRandomLeafPage(BTreeUtility.java:314)
	at simpledb.BTreeUtility.createRandomLeafPage(BTreeUtility.java:297)
	at simpledb.BTreeFileInsertTest.testSplitLeafPages(BTreeFileInsertTest.java:47)
	at java.base/jdk.internal.reflect.NativeMethodAccessorImpl.invoke0(Native Method)
	at java.base/jdk.internal.reflect.NativeMethodAccessorImpl.invoke(NativeMethodAccessorImpl.java:62)
	at java.base/jdk.internal.reflect.DelegatingMethodAccessorImpl.invoke(DelegatingMethodAccessorImpl.java:43)
</error>

      </testcase>

      <testcase classname="simpledb.BTreeFileInsertTest" name="testReusePage" time="0.003">
          <error type="java.lang.NullPointerException">java.lang.NullPointerException
	at simpledb.BTreeFile.setEmptyPage(BTreeFile.java:999)
	at simpledb.BTreeFileInsertTest.testReusePage(BTreeFileInsertTest.java:146)
	at java.base/jdk.internal.reflect.NativeMethodAccessorImpl.invoke0(Native Method)
	at java.base/jdk.internal.reflect.NativeMethodAccessorImpl.invoke(NativeMethodAccessorImpl.java:62)
	at java.base/jdk.internal.reflect.DelegatingMethodAccessorImpl.invoke(DelegatingMethodAccessorImpl.java:43)
</error>

      </testcase>

      <system-out><![CDATA[]]></system-out>

      <system-err><![CDATA[]]></system-err>

  </testsuite>
  <testsuite errors="7" failures="0" hostname="DESKTOP-JNAL68L" id="4" name="BTreeFileReadTest" package="simpledb" skipped="0" tests="7" time="0.261" timestamp="2021-02-18T16:05:39">
      <properties>
[...]
</properties>

      <testcase classname="simpledb.BTreeFileReadTest" name="getId" time="0.09">
          <error message="implement this" type="java.lang.UnsupportedOperationException">java.lang.UnsupportedOperationException: implement this
	at simpledb.HeapFile.getId(HeapFile.java:50)
	at simpledb.BTreeFileEncoder.convert(BTreeFileEncoder.java:209)
	at simpledb.BTreeFileEncoder.convert(BTreeFileEncoder.java:179)
	at simpledb.BTreeUtility.createRandomBTreeFile(BTreeUtility.java:157)
	at simpledb.BTreeUtility.createRandomBTreeFile(BTreeUtility.java:119)
	at simpledb.BTreeFileReadTest.setUp(BTreeFileReadTest.java:25)
	at java.base/jdk.internal.reflect.NativeMethodAccessorImpl.invoke0(Native Method)
	at java.base/jdk.internal.reflect.NativeMethodAccessorImpl.invoke(NativeMethodAccessorImpl.java:62)
	at java.base/jdk.internal.reflect.DelegatingMethodAccessorImpl.invoke(DelegatingMethodAccessorImpl.java:43)
</error>

      </testcase>

      <testcase classname="simpledb.BTreeFileReadTest" name="getTupleDesc" time="0.008">
          <error message="implement this" type="java.lang.UnsupportedOperationException">java.lang.UnsupportedOperationException: implement this
	at simpledb.HeapFile.getId(HeapFile.java:50)
	at simpledb.BTreeFileEncoder.convert(BTreeFileEncoder.java:209)
	at simpledb.BTreeFileEncoder.convert(BTreeFileEncoder.java:179)
	at simpledb.BTreeUtility.createRandomBTreeFile(BTreeUtility.java:157)
	at simpledb.BTreeUtility.createRandomBTreeFile(BTreeUtility.java:119)
	at simpledb.BTreeFileReadTest.setUp(BTreeFileReadTest.java:25)
	at java.base/jdk.internal.reflect.NativeMethodAccessorImpl.invoke0(Native Method)
	at java.base/jdk.internal.reflect.NativeMethodAccessorImpl.invoke(NativeMethodAccessorImpl.java:62)
	at java.base/jdk.internal.reflect.DelegatingMethodAccessorImpl.invoke(DelegatingMethodAccessorImpl.java:43)
</error>

      </testcase>

      <testcase classname="simpledb.BTreeFileReadTest" name="readPage" time="0.008">
          <error message="implement this" type="java.lang.UnsupportedOperationException">java.lang.UnsupportedOperationException: implement this
	at simpledb.HeapFile.getId(HeapFile.java:50)
	at simpledb.BTreeFileEncoder.convert(BTreeFileEncoder.java:209)
	at simpledb.BTreeFileEncoder.convert(BTreeFileEncoder.java:179)
	at simpledb.BTreeUtility.createRandomBTreeFile(BTreeUtility.java:157)
	at simpledb.BTreeUtility.createRandomBTreeFile(BTreeUtility.java:119)
	at simpledb.BTreeFileReadTest.setUp(BTreeFileReadTest.java:25)
	at java.base/jdk.internal.reflect.NativeMethodAccessorImpl.invoke0(Native Method)
	at java.base/jdk.internal.reflect.NativeMethodAccessorImpl.invoke(NativeMethodAccessorImpl.java:62)
	at java.base/jdk.internal.reflect.DelegatingMethodAccessorImpl.invoke(DelegatingMethodAccessorImpl.java:43)
</error>

      </testcase>

      <testcase classname="simpledb.BTreeFileReadTest" name="numPages" time="0.007">
          <error message="implement this" type="java.lang.UnsupportedOperationException">java.lang.UnsupportedOperationException: implement this
	at simpledb.HeapFile.getId(HeapFile.java:50)
	at simpledb.BTreeFileEncoder.convert(BTreeFileEncoder.java:209)
	at simpledb.BTreeFileEncoder.convert(BTreeFileEncoder.java:179)
	at simpledb.BTreeUtility.createRandomBTreeFile(BTreeUtility.java:157)
	at simpledb.BTreeUtility.createRandomBTreeFile(BTreeUtility.java:119)
	at simpledb.BTreeFileReadTest.setUp(BTreeFileReadTest.java:25)
	at java.base/jdk.internal.reflect.NativeMethodAccessorImpl.invoke0(Native Method)
	at java.base/jdk.internal.reflect.NativeMethodAccessorImpl.invoke(NativeMethodAccessorImpl.java:62)
	at java.base/jdk.internal.reflect.DelegatingMethodAccessorImpl.invoke(DelegatingMethodAccessorImpl.java:43)
</error>

      </testcase>

      <testcase classname="simpledb.BTreeFileReadTest" name="testIteratorBasic" time="0.006">
          <error message="implement this" type="java.lang.UnsupportedOperationException">java.lang.UnsupportedOperationException: implement this
	at simpledb.HeapFile.getId(HeapFile.java:50)
	at simpledb.BTreeFileEncoder.convert(BTreeFileEncoder.java:209)
	at simpledb.BTreeFileEncoder.convert(BTreeFileEncoder.java:179)
	at simpledb.BTreeUtility.createRandomBTreeFile(BTreeUtility.java:157)
	at simpledb.BTreeUtility.createRandomBTreeFile(BTreeUtility.java:119)
	at simpledb.BTreeFileReadTest.setUp(BTreeFileReadTest.java:25)
	at java.base/jdk.internal.reflect.NativeMethodAccessorImpl.invoke0(Native Method)
	at java.base/jdk.internal.reflect.NativeMethodAccessorImpl.invoke(NativeMethodAccessorImpl.java:62)
	at java.base/jdk.internal.reflect.DelegatingMethodAccessorImpl.invoke(DelegatingMethodAccessorImpl.java:43)
</error>

      </testcase>

      <testcase classname="simpledb.BTreeFileReadTest" name="indexIterator" time="0.005">
          <error message="implement this" type="java.lang.UnsupportedOperationException">java.lang.UnsupportedOperationException: implement this
	at simpledb.HeapFile.getId(HeapFile.java:50)
	at simpledb.BTreeFileEncoder.convert(BTreeFileEncoder.java:209)
	at simpledb.BTreeFileEncoder.convert(BTreeFileEncoder.java:179)
	at simpledb.BTreeUtility.createRandomBTreeFile(BTreeUtility.java:157)
	at simpledb.BTreeUtility.createRandomBTreeFile(BTreeUtility.java:119)
	at simpledb.BTreeFileReadTest.setUp(BTreeFileReadTest.java:25)
	at java.base/jdk.internal.reflect.NativeMethodAccessorImpl.invoke0(Native Method)
	at java.base/jdk.internal.reflect.NativeMethodAccessorImpl.invoke(NativeMethodAccessorImpl.java:62)
	at java.base/jdk.internal.reflect.DelegatingMethodAccessorImpl.invoke(DelegatingMethodAccessorImpl.java:43)
</error>

      </testcase>

      <testcase classname="simpledb.BTreeFileReadTest" name="testIteratorClose" time="0.004">
          <error message="implement this" type="java.lang.UnsupportedOperationException">java.lang.UnsupportedOperationException: implement this
	at simpledb.HeapFile.getId(HeapFile.java:50)
	at simpledb.BTreeFileEncoder.convert(BTreeFileEncoder.java:209)
	at simpledb.BTreeFileEncoder.convert(BTreeFileEncoder.java:179)
	at simpledb.BTreeUtility.createRandomBTreeFile(BTreeUtility.java:157)
	at simpledb.BTreeUtility.createRandomBTreeFile(BTreeUtility.java:119)
	at simpledb.BTreeFileReadTest.setUp(BTreeFileReadTest.java:25)
	at java.base/jdk.internal.reflect.NativeMethodAccessorImpl.invoke0(Native Method)
	at java.base/jdk.internal.reflect.NativeMethodAccessorImpl.invoke(NativeMethodAccessorImpl.java:62)
	at java.base/jdk.internal.reflect.DelegatingMethodAccessorImpl.invoke(DelegatingMethodAccessorImpl.java:43)
</error>

      </testcase>

      <system-out><![CDATA[]]></system-out>

      <system-err><![CDATA[]]></system-err>

  </testsuite>
  <testsuite errors="0" failures="0" hostname="DESKTOP-JNAL68L" id="5" name="BTreeHeaderPageTest" package="simpledb" skipped="0" tests="10" time="0.247" timestamp="2021-02-18T16:05:40">
      <properties>
[...]
</properties>

      <testcase classname="simpledb.BTreeHeaderPageTest" name="getId" time="0.094" />

      <testcase classname="simpledb.BTreeHeaderPageTest" name="getSlot" time="0.004" />

      <testcase classname="simpledb.BTreeHeaderPageTest" name="getEmptySlot" time="0.002" />

      <testcase classname="simpledb.BTreeHeaderPageTest" name="numSlots" time="0.001" />

      <testcase classname="simpledb.BTreeHeaderPageTest" name="getPageData" time="0.002" />

      <testcase classname="simpledb.BTreeHeaderPageTest" name="setNextPageId" time="0.001" />

      <testcase classname="simpledb.BTreeHeaderPageTest" name="getPrevPageId" time="0.001" />

      <testcase classname="simpledb.BTreeHeaderPageTest" name="getNextPageId" time="0.001" />

      <testcase classname="simpledb.BTreeHeaderPageTest" name="testDirty" time="0.002" />

      <testcase classname="simpledb.BTreeHeaderPageTest" name="setPrevPageId" time="0.0" />

      <system-out><![CDATA[]]></system-out>

      <system-err><![CDATA[]]></system-err>

  </testsuite>
  <testsuite errors="11" failures="0" hostname="DESKTOP-JNAL68L" id="6" name="BTreeInternalPageTest" package="simpledb" skipped="0" tests="11" time="0.229" timestamp="2021-02-18T16:05:41">
      <properties>
[...]
</properties>

      <testcase classname="simpledb.BTreeInternalPageTest" name="getId" time="0.082">
          <error type="java.lang.NullPointerException">java.lang.NullPointerException
	at simpledb.BTreeInternalPage.getMaxEntries(BTreeInternalPage.java:118)
	at simpledb.BTreeInternalPage.&lt;init&gt;(BTreeInternalPage.java:70)
	at simpledb.BTreeInternalPageTest.getId(BTreeInternalPageTest.java:81)
	at java.base/jdk.internal.reflect.NativeMethodAccessorImpl.invoke0(Native Method)
	at java.base/jdk.internal.reflect.NativeMethodAccessorImpl.invoke(NativeMethodAccessorImpl.java:62)
	at java.base/jdk.internal.reflect.DelegatingMethodAccessorImpl.invoke(DelegatingMethodAccessorImpl.java:43)
</error>

      </testcase>

      <testcase classname="simpledb.BTreeInternalPageTest" name="addEntry" time="0.003">
          <error type="java.lang.NullPointerException">java.lang.NullPointerException
	at simpledb.BTreeInternalPage.getMaxEntries(BTreeInternalPage.java:118)
	at simpledb.BTreeInternalPage.&lt;init&gt;(BTreeInternalPage.java:70)
	at simpledb.BTreeInternalPageTest.addEntry(BTreeInternalPageTest.java:213)
	at java.base/jdk.internal.reflect.NativeMethodAccessorImpl.invoke0(Native Method)
	at java.base/jdk.internal.reflect.NativeMethodAccessorImpl.invoke(NativeMethodAccessorImpl.java:62)
	at java.base/jdk.internal.reflect.DelegatingMethodAccessorImpl.invoke(DelegatingMethodAccessorImpl.java:43)
</error>

      </testcase>

      <testcase classname="simpledb.BTreeInternalPageTest" name="getSlot" time="0.002">
          <error type="java.lang.NullPointerException">java.lang.NullPointerException
	at simpledb.BTreeInternalPage.getMaxEntries(BTreeInternalPage.java:118)
	at simpledb.BTreeInternalPage.&lt;init&gt;(BTreeInternalPage.java:70)
	at simpledb.BTreeInternalPageTest.getSlot(BTreeInternalPageTest.java:181)
	at java.base/jdk.internal.reflect.NativeMethodAccessorImpl.invoke0(Native Method)
	at java.base/jdk.internal.reflect.NativeMethodAccessorImpl.invoke(NativeMethodAccessorImpl.java:62)
	at java.base/jdk.internal.reflect.DelegatingMethodAccessorImpl.invoke(DelegatingMethodAccessorImpl.java:43)
</error>

      </testcase>

      <testcase classname="simpledb.BTreeInternalPageTest" name="deleteEntry" time="0.001">
          <error type="java.lang.NullPointerException">java.lang.NullPointerException
	at simpledb.BTreeInternalPage.getMaxEntries(BTreeInternalPage.java:118)
	at simpledb.BTreeInternalPage.&lt;init&gt;(BTreeInternalPage.java:70)
	at simpledb.BTreeInternalPageTest.deleteEntry(BTreeInternalPageTest.java:288)
	at java.base/jdk.internal.reflect.NativeMethodAccessorImpl.invoke0(Native Method)
	at java.base/jdk.internal.reflect.NativeMethodAccessorImpl.invoke(NativeMethodAccessorImpl.java:62)
	at java.base/jdk.internal.reflect.DelegatingMethodAccessorImpl.invoke(DelegatingMethodAccessorImpl.java:43)
</error>

      </testcase>

      <testcase classname="simpledb.BTreeInternalPageTest" name="deleteNonexistentEntry" time="0.002">
          <error message="Unexpected exception, expected&lt;simpledb.DbException&gt; but was&lt;java.lang.NullPointerException&gt;" type="java.lang.Exception">java.lang.Exception: Unexpected exception, expected&lt;simpledb.DbException&gt; but was&lt;java.lang.NullPointerException&gt;
Caused by: java.lang.NullPointerException
	at simpledb.BTreeInternalPage.getMaxEntries(BTreeInternalPage.java:118)
	at simpledb.BTreeInternalPage.&lt;init&gt;(BTreeInternalPage.java:70)
	at simpledb.BTreeInternalPageTest.deleteNonexistentEntry(BTreeInternalPageTest.java:280)
	at java.base/jdk.internal.reflect.NativeMethodAccessorImpl.invoke0(Native Method)
	at java.base/jdk.internal.reflect.NativeMethodAccessorImpl.invoke(NativeMethodAccessorImpl.java:62)
	at java.base/jdk.internal.reflect.DelegatingMethodAccessorImpl.invoke(DelegatingMethodAccessorImpl.java:43)
</error>

      </testcase>

      <testcase classname="simpledb.BTreeInternalPageTest" name="testReverseIterator" time="0.001">
          <error type="java.lang.NullPointerException">java.lang.NullPointerException
	at simpledb.BTreeInternalPage.getMaxEntries(BTreeInternalPage.java:118)
	at simpledb.BTreeInternalPage.&lt;init&gt;(BTreeInternalPage.java:70)
	at simpledb.BTreeInternalPageTest.testReverseIterator(BTreeInternalPageTest.java:148)
	at java.base/jdk.internal.reflect.NativeMethodAccessorImpl.invoke0(Native Method)
	at java.base/jdk.internal.reflect.NativeMethodAccessorImpl.invoke(NativeMethodAccessorImpl.java:62)
	at java.base/jdk.internal.reflect.DelegatingMethodAccessorImpl.invoke(DelegatingMethodAccessorImpl.java:43)
</error>

      </testcase>

      <testcase classname="simpledb.BTreeInternalPageTest" name="setParentId" time="0.001">
          <error type="java.lang.NullPointerException">java.lang.NullPointerException
	at simpledb.BTreeInternalPage.getMaxEntries(BTreeInternalPage.java:118)
	at simpledb.BTreeInternalPage.&lt;init&gt;(BTreeInternalPage.java:70)
	at simpledb.BTreeInternalPageTest.setParentId(BTreeInternalPageTest.java:97)
	at java.base/jdk.internal.reflect.NativeMethodAccessorImpl.invoke0(Native Method)
	at java.base/jdk.internal.reflect.NativeMethodAccessorImpl.invoke(NativeMethodAccessorImpl.java:62)
	at java.base/jdk.internal.reflect.DelegatingMethodAccessorImpl.invoke(DelegatingMethodAccessorImpl.java:43)
</error>

      </testcase>

      <testcase classname="simpledb.BTreeInternalPageTest" name="getParentId" time="0.001">
          <error type="java.lang.NullPointerException">java.lang.NullPointerException
	at simpledb.BTreeInternalPage.getMaxEntries(BTreeInternalPage.java:118)
	at simpledb.BTreeInternalPage.&lt;init&gt;(BTreeInternalPage.java:70)
	at simpledb.BTreeInternalPageTest.getParentId(BTreeInternalPageTest.java:89)
	at java.base/jdk.internal.reflect.NativeMethodAccessorImpl.invoke0(Native Method)
	at java.base/jdk.internal.reflect.NativeMethodAccessorImpl.invoke(NativeMethodAccessorImpl.java:62)
	at java.base/jdk.internal.reflect.DelegatingMethodAccessorImpl.invoke(DelegatingMethodAccessorImpl.java:43)
</error>

      </testcase>

      <testcase classname="simpledb.BTreeInternalPageTest" name="getNumEmptySlots" time="0.002">
          <error type="java.lang.NullPointerException">java.lang.NullPointerException
	at simpledb.BTreeInternalPage.getMaxEntries(BTreeInternalPage.java:118)
	at simpledb.BTreeInternalPage.&lt;init&gt;(BTreeInternalPage.java:70)
	at simpledb.BTreeInternalPageTest.getNumEmptySlots(BTreeInternalPageTest.java:173)
	at java.base/jdk.internal.reflect.NativeMethodAccessorImpl.invoke0(Native Method)
	at java.base/jdk.internal.reflect.NativeMethodAccessorImpl.invoke(NativeMethodAccessorImpl.java:62)
	at java.base/jdk.internal.reflect.DelegatingMethodAccessorImpl.invoke(DelegatingMethodAccessorImpl.java:43)
</error>

      </testcase>

      <testcase classname="simpledb.BTreeInternalPageTest" name="testDirty" time="0.001">
          <error type="java.lang.NullPointerException">java.lang.NullPointerException
	at simpledb.BTreeInternalPage.getMaxEntries(BTreeInternalPage.java:118)
	at simpledb.BTreeInternalPage.&lt;init&gt;(BTreeInternalPage.java:70)
	at simpledb.BTreeInternalPageTest.testDirty(BTreeInternalPageTest.java:196)
	at java.base/jdk.internal.reflect.NativeMethodAccessorImpl.invoke0(Native Method)
	at java.base/jdk.internal.reflect.NativeMethodAccessorImpl.invoke(NativeMethodAccessorImpl.java:62)
	at java.base/jdk.internal.reflect.DelegatingMethodAccessorImpl.invoke(DelegatingMethodAccessorImpl.java:43)
</error>

      </testcase>

      <testcase classname="simpledb.BTreeInternalPageTest" name="testIterator" time="0.001">
          <error type="java.lang.NullPointerException">java.lang.NullPointerException
	at simpledb.BTreeInternalPage.getMaxEntries(BTreeInternalPage.java:118)
	at simpledb.BTreeInternalPage.&lt;init&gt;(BTreeInternalPage.java:70)
	at simpledb.BTreeInternalPageTest.testIterator(BTreeInternalPageTest.java:123)
	at java.base/jdk.internal.reflect.NativeMethodAccessorImpl.invoke0(Native Method)
	at java.base/jdk.internal.reflect.NativeMethodAccessorImpl.invoke(NativeMethodAccessorImpl.java:62)
	at java.base/jdk.internal.reflect.DelegatingMethodAccessorImpl.invoke(DelegatingMethodAccessorImpl.java:43)
</error>

      </testcase>

      <system-out><![CDATA[]]></system-out>

      <system-err><![CDATA[]]></system-err>

  </testsuite>
  <testsuite errors="1" failures="0" hostname="DESKTOP-JNAL68L" id="7" name="BTreeLeafPageTest" package="simpledb" skipped="0" tests="1" time="0.0" timestamp="2021-02-18T16:05:42">
      <properties>
[...]
</properties>

      <error type="java.lang.ExceptionInInitializerError">java.lang.ExceptionInInitializerError
	at java.base/jdk.internal.reflect.NativeMethodAccessorImpl.invoke0(Native Method)
	at java.base/jdk.internal.reflect.NativeMethodAccessorImpl.invoke(NativeMethodAccessorImpl.java:62)
	at java.base/jdk.internal.reflect.DelegatingMethodAccessorImpl.invoke(DelegatingMethodAccessorImpl.java:43)
Caused by: java.lang.NullPointerException
	at simpledb.BTreeFileEncoder$TupleComparator.compare(BTreeFileEncoder.java:132)
	at simpledb.BTreeFileEncoder$TupleComparator.compare(BTreeFileEncoder.java:113)
	at java.base/java.util.TimSort.countRunAndMakeAscending(TimSort.java:355)
	at java.base/java.util.TimSort.sort(TimSort.java:220)
	at java.base/java.util.Arrays.sort(Arrays.java:1306)
	at java.base/java.util.ArrayList.sort(ArrayList.java:1720)
	at java.base/java.util.Collections.sort(Collections.java:179)
	at simpledb.BTreeFileEncoder.convertToLeafPage(BTreeFileEncoder.java:557)
	at simpledb.BTreeLeafPageTest.&lt;clinit&gt;(BTreeLeafPageTest.java:60)
</error>

      <system-out><![CDATA[]]></system-out>

      <system-err><![CDATA[]]></system-err>

  </testsuite>
  <testsuite errors="2" failures="0" hostname="DESKTOP-JNAL68L" id="8" name="BTreeNextKeyLockingTest" package="simpledb" skipped="0" tests="2" time="0.503" timestamp="2021-02-18T16:05:42">
      <properties>
[...]
</properties>

      <testcase classname="simpledb.BTreeNextKeyLockingTest" name="nextKeyLockingTestLessThan" time="0.283">
          <error message="implement this" type="java.lang.UnsupportedOperationException">java.lang.UnsupportedOperationException: implement this
	at simpledb.HeapFile.getId(HeapFile.java:50)
	at simpledb.BTreeFileEncoder.convert(BTreeFileEncoder.java:209)
	at simpledb.BTreeFileEncoder.convert(BTreeFileEncoder.java:179)
	at simpledb.BTreeUtility.createRandomBTreeFile(BTreeUtility.java:157)
	at simpledb.BTreeUtility.createRandomBTreeFile(BTreeUtility.java:119)
	at simpledb.BTreeNextKeyLockingTest.nextKeyLockingTestLessThan(BTreeNextKeyLockingTest.java:38)
	at java.base/jdk.internal.reflect.NativeMethodAccessorImpl.invoke0(Native Method)
	at java.base/jdk.internal.reflect.NativeMethodAccessorImpl.invoke(NativeMethodAccessorImpl.java:62)
	at java.base/jdk.internal.reflect.DelegatingMethodAccessorImpl.invoke(DelegatingMethodAccessorImpl.java:43)
</error>

      </testcase>

      <testcase classname="simpledb.BTreeNextKeyLockingTest" name="nextKeyLockingTestGreaterThan" time="0.081">
          <error message="implement this" type="java.lang.UnsupportedOperationException">java.lang.UnsupportedOperationException: implement this
	at simpledb.HeapFile.getId(HeapFile.java:50)
	at simpledb.BTreeFileEncoder.convert(BTreeFileEncoder.java:209)
	at simpledb.BTreeFileEncoder.convert(BTreeFileEncoder.java:179)
	at simpledb.BTreeUtility.createRandomBTreeFile(BTreeUtility.java:157)
	at simpledb.BTreeUtility.createRandomBTreeFile(BTreeUtility.java:119)
	at simpledb.BTreeNextKeyLockingTest.nextKeyLockingTestGreaterThan(BTreeNextKeyLockingTest.java:140)
	at java.base/jdk.internal.reflect.NativeMethodAccessorImpl.invoke0(Native Method)
	at java.base/jdk.internal.reflect.NativeMethodAccessorImpl.invoke(NativeMethodAccessorImpl.java:62)
	at java.base/jdk.internal.reflect.DelegatingMethodAccessorImpl.invoke(DelegatingMethodAccessorImpl.java:43)
</error>

      </testcase>

      <system-out><![CDATA[]]></system-out>

      <system-err><![CDATA[]]></system-err>

  </testsuite>
  <testsuite errors="0" failures="0" hostname="DESKTOP-JNAL68L" id="9" name="BTreePageIdTest" package="simpledb" skipped="0" tests="4" time="0.15" timestamp="2021-02-18T16:05:44">
      <properties>
[...]
</properties>

      <testcase classname="simpledb.BTreePageIdTest" name="equals" time="0.009" />

      <testcase classname="simpledb.BTreePageIdTest" name="pageno" time="0.0" />

      <testcase classname="simpledb.BTreePageIdTest" name="testHashCode" time="0.0" />

      <testcase classname="simpledb.BTreePageIdTest" name="getTableId" time="0.001" />

      <system-out><![CDATA[]]></system-out>

      <system-err><![CDATA[]]></system-err>

  </testsuite>
  <testsuite errors="0" failures="0" hostname="DESKTOP-JNAL68L" id="10" name="BTreeRootPtrPageTest" package="simpledb" skipped="0" tests="6" time="0.238" timestamp="2021-02-18T16:05:44">
      <properties>
[...]
</properties>

      <testcase classname="simpledb.BTreeRootPtrPageTest" name="getId" time="0.092" />

      <testcase classname="simpledb.BTreeRootPtrPageTest" name="getRootId" time="0.0" />

      <testcase classname="simpledb.BTreeRootPtrPageTest" name="getHeaderId" time="0.001" />

      <testcase classname="simpledb.BTreeRootPtrPageTest" name="setRootId" time="0.0" />

      <testcase classname="simpledb.BTreeRootPtrPageTest" name="setHeaderId" time="0.001" />

      <testcase classname="simpledb.BTreeRootPtrPageTest" name="testDirty" time="0.002" />

      <system-out><![CDATA[]]></system-out>

      <system-err><![CDATA[]]></system-err>

  </testsuite>
  <testsuite errors="3" failures="0" hostname="DESKTOP-JNAL68L" id="11" name="BufferPoolWriteTest" package="simpledb" skipped="0" tests="3" time="0.204" timestamp="2021-02-18T16:05:45">
      <properties>
[...]
</properties>

      <testcase classname="simpledb.BufferPoolWriteTest" name="insertTuple" time="0.084">
          <error message="implement this" type="java.lang.UnsupportedOperationException">java.lang.UnsupportedOperationException: implement this
	at simpledb.HeapFile.getId(HeapFile.java:50)
	at simpledb.Utility.createEmptyHeapFile(Utility.java:112)
	at simpledb.TestUtil$CreateHeapFile.setUp(TestUtil.java:388)
	at simpledb.BufferPoolWriteTest.setUp(BufferPoolWriteTest.java:55)
	at java.base/jdk.internal.reflect.NativeMethodAccessorImpl.invoke0(Native Method)
	at java.base/jdk.internal.reflect.NativeMethodAccessorImpl.invoke(NativeMethodAccessorImpl.java:62)
	at java.base/jdk.internal.reflect.DelegatingMethodAccessorImpl.invoke(DelegatingMethodAccessorImpl.java:43)
</error>

      </testcase>

      <testcase classname="simpledb.BufferPoolWriteTest" name="deleteTuple" time="0.002">
          <error message="implement this" type="java.lang.UnsupportedOperationException">java.lang.UnsupportedOperationException: implement this
	at simpledb.HeapFile.getId(HeapFile.java:50)
	at simpledb.Utility.createEmptyHeapFile(Utility.java:112)
	at simpledb.TestUtil$CreateHeapFile.setUp(TestUtil.java:388)
	at simpledb.BufferPoolWriteTest.setUp(BufferPoolWriteTest.java:55)
	at java.base/jdk.internal.reflect.NativeMethodAccessorImpl.invoke0(Native Method)
	at java.base/jdk.internal.reflect.NativeMethodAccessorImpl.invoke(NativeMethodAccessorImpl.java:62)
	at java.base/jdk.internal.reflect.DelegatingMethodAccessorImpl.invoke(DelegatingMethodAccessorImpl.java:43)
</error>

      </testcase>

      <testcase classname="simpledb.BufferPoolWriteTest" name="handleManyDirtyPages" time="0.003">
          <error message="implement this" type="java.lang.UnsupportedOperationException">java.lang.UnsupportedOperationException: implement this
	at simpledb.HeapFile.getId(HeapFile.java:50)
	at simpledb.Utility.createEmptyHeapFile(Utility.java:112)
	at simpledb.TestUtil$CreateHeapFile.setUp(TestUtil.java:388)
	at simpledb.BufferPoolWriteTest.setUp(BufferPoolWriteTest.java:55)
	at java.base/jdk.internal.reflect.NativeMethodAccessorImpl.invoke0(Native Method)
	at java.base/jdk.internal.reflect.NativeMethodAccessorImpl.invoke(NativeMethodAccessorImpl.java:62)
	at java.base/jdk.internal.reflect.DelegatingMethodAccessorImpl.invoke(DelegatingMethodAccessorImpl.java:43)
</error>

      </testcase>

      <system-out><![CDATA[]]></system-out>

      <system-err><![CDATA[]]></system-err>

  </testsuite>
  <testsuite errors="1" failures="4" hostname="DESKTOP-JNAL68L" id="12" name="CatalogTest" package="simpledb" skipped="0" tests="5" time="0.158" timestamp="2021-02-18T16:05:46">
      <properties>
[...]
</properties>

      <testcase classname="simpledb.CatalogTest" name="handleDuplicateNames" time="0.023">
          <error message="expected:&lt;2006578554&gt; but was:&lt;0&gt;" type="java.lang.AssertionError">java.lang.AssertionError: expected:&lt;2006578554&gt; but was:&lt;0&gt;
	at simpledb.CatalogTest.handleDuplicateNames(CatalogTest.java:82)
	at java.base/jdk.internal.reflect.NativeMethodAccessorImpl.invoke0(Native Method)
	at java.base/jdk.internal.reflect.NativeMethodAccessorImpl.invoke(NativeMethodAccessorImpl.java:62)
	at java.base/jdk.internal.reflect.DelegatingMethodAccessorImpl.invoke(DelegatingMethodAccessorImpl.java:43)
</error>

      </testcase>

      <testcase classname="simpledb.CatalogTest" name="getTupleDesc" time="0.002">
          <error message="expected:&lt;&gt; but was:&lt;null&gt;" type="java.lang.AssertionError">java.lang.AssertionError: expected:&lt;&gt; but was:&lt;null&gt;
	at simpledb.CatalogTest.getTupleDesc(CatalogTest.java:39)
	at java.base/jdk.internal.reflect.NativeMethodAccessorImpl.invoke0(Native Method)
	at java.base/jdk.internal.reflect.NativeMethodAccessorImpl.invoke(NativeMethodAccessorImpl.java:62)
	at java.base/jdk.internal.reflect.DelegatingMethodAccessorImpl.invoke(DelegatingMethodAccessorImpl.java:43)
</error>

      </testcase>

      <testcase classname="simpledb.CatalogTest" name="getDatabaseFile" time="0.003">
          <error type="java.lang.NullPointerException">java.lang.NullPointerException
	at simpledb.CatalogTest.getDatabaseFile(CatalogTest.java:73)
	at java.base/jdk.internal.reflect.NativeMethodAccessorImpl.invoke0(Native Method)
	at java.base/jdk.internal.reflect.NativeMethodAccessorImpl.invoke(NativeMethodAccessorImpl.java:62)
	at java.base/jdk.internal.reflect.DelegatingMethodAccessorImpl.invoke(DelegatingMethodAccessorImpl.java:43)
</error>

      </testcase>

      <testcase classname="simpledb.CatalogTest" name="getTableId" time="0.002">
          <error message="expected:&lt;2140750073&gt; but was:&lt;0&gt;" type="java.lang.AssertionError">java.lang.AssertionError: expected:&lt;2140750073&gt; but was:&lt;0&gt;
	at simpledb.CatalogTest.getTableId(CatalogTest.java:46)
	at java.base/jdk.internal.reflect.NativeMethodAccessorImpl.invoke0(Native Method)
	at java.base/jdk.internal.reflect.NativeMethodAccessorImpl.invoke(NativeMethodAccessorImpl.java:62)
	at java.base/jdk.internal.reflect.DelegatingMethodAccessorImpl.invoke(DelegatingMethodAccessorImpl.java:43)
</error>

      </testcase>

      <testcase classname="simpledb.CatalogTest" name="handleDuplicateIds" time="0.002">
          <error message="expected:&lt;e1926cb5-400f-4a28-b1b0-b888ca5af536&gt; but was:&lt;null&gt;" type="java.lang.AssertionError">java.lang.AssertionError: expected:&lt;e1926cb5-400f-4a28-b1b0-b888ca5af536&gt; but was:&lt;null&gt;
	at simpledb.CatalogTest.handleDuplicateIds(CatalogTest.java:92)
	at java.base/jdk.internal.reflect.NativeMethodAccessorImpl.invoke0(Native Method)
	at java.base/jdk.internal.reflect.NativeMethodAccessorImpl.invoke(NativeMethodAccessorImpl.java:62)
	at java.base/jdk.internal.reflect.DelegatingMethodAccessorImpl.invoke(DelegatingMethodAccessorImpl.java:43)
</error>

      </testcase>

      <system-out><![CDATA[]]></system-out>

      <system-err><![CDATA[]]></system-err>

  </testsuite>
  <testsuite errors="3" failures="0" hostname="DESKTOP-JNAL68L" id="13" name="DeadlockTest" package="simpledb" skipped="0" tests="3" time="0.273" timestamp="2021-02-18T16:05:47">
      <properties>
[...]
</properties>

      <testcase classname="simpledb.DeadlockTest" name="testWriteWriteDeadlock" time="0.129">
          <error message="implement this" type="java.lang.UnsupportedOperationException">java.lang.UnsupportedOperationException: implement this
	at simpledb.HeapFile.getId(HeapFile.java:50)
	at simpledb.Utility.createEmptyHeapFile(Utility.java:112)
	at simpledb.TestUtil$CreateHeapFile.setUp(TestUtil.java:388)
	at simpledb.DeadlockTest.setUp(DeadlockTest.java:27)
	at java.base/jdk.internal.reflect.NativeMethodAccessorImpl.invoke0(Native Method)
	at java.base/jdk.internal.reflect.NativeMethodAccessorImpl.invoke(NativeMethodAccessorImpl.java:62)
	at java.base/jdk.internal.reflect.DelegatingMethodAccessorImpl.invoke(DelegatingMethodAccessorImpl.java:43)
</error>

      </testcase>

      <testcase classname="simpledb.DeadlockTest" name="testUpgradeWriteDeadlock" time="0.004">
          <error message="implement this" type="java.lang.UnsupportedOperationException">java.lang.UnsupportedOperationException: implement this
	at simpledb.HeapFile.getId(HeapFile.java:50)
	at simpledb.Utility.createEmptyHeapFile(Utility.java:112)
	at simpledb.TestUtil$CreateHeapFile.setUp(TestUtil.java:388)
	at simpledb.DeadlockTest.setUp(DeadlockTest.java:27)
	at java.base/jdk.internal.reflect.NativeMethodAccessorImpl.invoke0(Native Method)
	at java.base/jdk.internal.reflect.NativeMethodAccessorImpl.invoke(NativeMethodAccessorImpl.java:62)
	at java.base/jdk.internal.reflect.DelegatingMethodAccessorImpl.invoke(DelegatingMethodAccessorImpl.java:43)
</error>

      </testcase>

      <testcase classname="simpledb.DeadlockTest" name="testReadWriteDeadlock" time="0.004">
          <error message="implement this" type="java.lang.UnsupportedOperationException">java.lang.UnsupportedOperationException: implement this
	at simpledb.HeapFile.getId(HeapFile.java:50)
	at simpledb.Utility.createEmptyHeapFile(Utility.java:112)
	at simpledb.TestUtil$CreateHeapFile.setUp(TestUtil.java:388)
	at simpledb.DeadlockTest.setUp(DeadlockTest.java:27)
	at java.base/jdk.internal.reflect.NativeMethodAccessorImpl.invoke0(Native Method)
	at java.base/jdk.internal.reflect.NativeMethodAccessorImpl.invoke(NativeMethodAccessorImpl.java:62)
	at java.base/jdk.internal.reflect.DelegatingMethodAccessorImpl.invoke(DelegatingMethodAccessorImpl.java:43)
</error>

      </testcase>

      <system-out><![CDATA[]]></system-out>

      <system-err><![CDATA[]]></system-err>

  </testsuite>
  <testsuite errors="5" failures="1" hostname="DESKTOP-JNAL68L" id="14" name="FilterTest" package="simpledb" skipped="0" tests="6" time="0.155" timestamp="2021-02-18T16:05:47">
      <properties>
[...]
</properties>

      <testcase classname="simpledb.FilterTest" name="rewind" time="0.016">
          <error message="Operator not yet open" type="java.lang.IllegalStateException">java.lang.IllegalStateException: Operator not yet open
	at simpledb.Operator.hasNext(Operator.java:16)
	at simpledb.FilterTest.rewind(FilterTest.java:43)
	at java.base/jdk.internal.reflect.NativeMethodAccessorImpl.invoke0(Native Method)
	at java.base/jdk.internal.reflect.NativeMethodAccessorImpl.invoke(NativeMethodAccessorImpl.java:62)
	at java.base/jdk.internal.reflect.DelegatingMethodAccessorImpl.invoke(DelegatingMethodAccessorImpl.java:43)
</error>

      </testcase>

      <testcase classname="simpledb.FilterTest" name="filterEqualNoTuples" time="0.002">
          <error message="Operator not yet open" type="java.lang.IllegalStateException">java.lang.IllegalStateException: Operator not yet open
	at simpledb.Operator.hasNext(Operator.java:16)
	at simpledb.TestUtil.checkExhausted(TestUtil.java:158)
	at simpledb.FilterTest.filterEqualNoTuples(FilterTest.java:119)
	at java.base/jdk.internal.reflect.NativeMethodAccessorImpl.invoke0(Native Method)
	at java.base/jdk.internal.reflect.NativeMethodAccessorImpl.invoke(NativeMethodAccessorImpl.java:62)
	at java.base/jdk.internal.reflect.DelegatingMethodAccessorImpl.invoke(DelegatingMethodAccessorImpl.java:43)
</error>

      </testcase>

      <testcase classname="simpledb.FilterTest" name="getTupleDesc" time="0.005">
          <error message="expected:&lt;&gt; but was:&lt;null&gt;" type="java.lang.AssertionError">java.lang.AssertionError: expected:&lt;&gt; but was:&lt;null&gt;
	at simpledb.FilterTest.getTupleDesc(FilterTest.java:33)
	at java.base/jdk.internal.reflect.NativeMethodAccessorImpl.invoke0(Native Method)
	at java.base/jdk.internal.reflect.NativeMethodAccessorImpl.invoke(NativeMethodAccessorImpl.java:62)
	at java.base/jdk.internal.reflect.DelegatingMethodAccessorImpl.invoke(DelegatingMethodAccessorImpl.java:43)
</error>

      </testcase>

      <testcase classname="simpledb.FilterTest" name="filterAllLessThan" time="0.002">
          <error message="Operator not yet open" type="java.lang.IllegalStateException">java.lang.IllegalStateException: Operator not yet open
	at simpledb.Operator.hasNext(Operator.java:16)
	at simpledb.TestUtil.checkExhausted(TestUtil.java:158)
	at simpledb.FilterTest.filterAllLessThan(FilterTest.java:77)
	at java.base/jdk.internal.reflect.NativeMethodAccessorImpl.invoke0(Native Method)
	at java.base/jdk.internal.reflect.NativeMethodAccessorImpl.invoke(NativeMethodAccessorImpl.java:62)
	at java.base/jdk.internal.reflect.DelegatingMethodAccessorImpl.invoke(DelegatingMethodAccessorImpl.java:43)
</error>

      </testcase>

      <testcase classname="simpledb.FilterTest" name="filterEqual" time="0.003">
          <error type="java.util.NoSuchElementException">java.util.NoSuchElementException
	at simpledb.Operator.next(Operator.java:28)
	at simpledb.FilterTest.filterEqual(FilterTest.java:91)
	at java.base/jdk.internal.reflect.NativeMethodAccessorImpl.invoke0(Native Method)
	at java.base/jdk.internal.reflect.NativeMethodAccessorImpl.invoke(NativeMethodAccessorImpl.java:62)
	at java.base/jdk.internal.reflect.DelegatingMethodAccessorImpl.invoke(DelegatingMethodAccessorImpl.java:43)
</error>

      </testcase>

      <testcase classname="simpledb.FilterTest" name="filterSomeLessThan" time="0.001">
          <error message="Operator not yet open" type="java.lang.IllegalStateException">java.lang.IllegalStateException: Operator not yet open
	at simpledb.Operator.hasNext(Operator.java:16)
	at simpledb.TestUtil.compareDbIterators(TestUtil.java:111)
	at simpledb.FilterTest.filterSomeLessThan(FilterTest.java:64)
	at java.base/jdk.internal.reflect.NativeMethodAccessorImpl.invoke0(Native Method)
	at java.base/jdk.internal.reflect.NativeMethodAccessorImpl.invoke(NativeMethodAccessorImpl.java:62)
	at java.base/jdk.internal.reflect.DelegatingMethodAccessorImpl.invoke(DelegatingMethodAccessorImpl.java:43)
</error>

      </testcase>

      <system-out><![CDATA[]]></system-out>

      <system-err><![CDATA[]]></system-err>

  </testsuite>
  <testsuite errors="5" failures="1" hostname="DESKTOP-JNAL68L" id="15" name="HeapFileReadTest" package="simpledb" skipped="0" tests="6" time="0.209" timestamp="2021-02-18T16:05:48">
      <properties>
[...]
</properties>

      <testcase classname="simpledb.HeapFileReadTest" name="getId" time="0.084">
          <error message="implement this" type="java.lang.UnsupportedOperationException">java.lang.UnsupportedOperationException: implement this
	at simpledb.HeapFile.getId(HeapFile.java:50)
	at simpledb.HeapFileReadTest.getId(HeapFileReadTest.java:39)
	at java.base/jdk.internal.reflect.NativeMethodAccessorImpl.invoke0(Native Method)
	at java.base/jdk.internal.reflect.NativeMethodAccessorImpl.invoke(NativeMethodAccessorImpl.java:62)
	at java.base/jdk.internal.reflect.DelegatingMethodAccessorImpl.invoke(DelegatingMethodAccessorImpl.java:43)
</error>

      </testcase>

      <testcase classname="simpledb.HeapFileReadTest" name="getTupleDesc" time="0.005">
          <error message="implement this" type="java.lang.UnsupportedOperationException">java.lang.UnsupportedOperationException: implement this
	at simpledb.HeapFile.getTupleDesc(HeapFile.java:60)
	at simpledb.HeapFileReadTest.getTupleDesc(HeapFileReadTest.java:54)
	at java.base/jdk.internal.reflect.NativeMethodAccessorImpl.invoke0(Native Method)
	at java.base/jdk.internal.reflect.NativeMethodAccessorImpl.invoke(NativeMethodAccessorImpl.java:62)
	at java.base/jdk.internal.reflect.DelegatingMethodAccessorImpl.invoke(DelegatingMethodAccessorImpl.java:43)
</error>

      </testcase>

      <testcase classname="simpledb.HeapFileReadTest" name="readPage" time="0.005">
          <error message="implement this" type="java.lang.UnsupportedOperationException">java.lang.UnsupportedOperationException: implement this
	at simpledb.HeapFile.getId(HeapFile.java:50)
	at simpledb.HeapFileReadTest.readPage(HeapFileReadTest.java:70)
	at java.base/jdk.internal.reflect.NativeMethodAccessorImpl.invoke0(Native Method)
	at java.base/jdk.internal.reflect.NativeMethodAccessorImpl.invoke(NativeMethodAccessorImpl.java:62)
	at java.base/jdk.internal.reflect.DelegatingMethodAccessorImpl.invoke(DelegatingMethodAccessorImpl.java:43)
</error>

      </testcase>

      <testcase classname="simpledb.HeapFileReadTest" name="numPages" time="0.003">
          <error message="expected:&lt;1&gt; but was:&lt;0&gt;" type="java.lang.AssertionError">java.lang.AssertionError: expected:&lt;1&gt; but was:&lt;0&gt;
	at simpledb.HeapFileReadTest.numPages(HeapFileReadTest.java:61)
	at java.base/jdk.internal.reflect.NativeMethodAccessorImpl.invoke0(Native Method)
	at java.base/jdk.internal.reflect.NativeMethodAccessorImpl.invoke(NativeMethodAccessorImpl.java:62)
	at java.base/jdk.internal.reflect.DelegatingMethodAccessorImpl.invoke(DelegatingMethodAccessorImpl.java:43)
</error>

      </testcase>

      <testcase classname="simpledb.HeapFileReadTest" name="testIteratorBasic" time="0.008">
          <error type="java.lang.NullPointerException">java.lang.NullPointerException
	at simpledb.HeapFileReadTest.testIteratorBasic(HeapFileReadTest.java:87)
	at java.base/jdk.internal.reflect.NativeMethodAccessorImpl.invoke0(Native Method)
	at java.base/jdk.internal.reflect.NativeMethodAccessorImpl.invoke(NativeMethodAccessorImpl.java:62)
	at java.base/jdk.internal.reflect.DelegatingMethodAccessorImpl.invoke(DelegatingMethodAccessorImpl.java:43)
</error>

      </testcase>

      <testcase classname="simpledb.HeapFileReadTest" name="testIteratorClose" time="0.009">
          <error type="java.lang.NullPointerException">java.lang.NullPointerException
	at simpledb.HeapFileReadTest.testIteratorClose(HeapFileReadTest.java:112)
	at java.base/jdk.internal.reflect.NativeMethodAccessorImpl.invoke0(Native Method)
	at java.base/jdk.internal.reflect.NativeMethodAccessorImpl.invoke(NativeMethodAccessorImpl.java:62)
	at java.base/jdk.internal.reflect.DelegatingMethodAccessorImpl.invoke(DelegatingMethodAccessorImpl.java:43)
</error>

      </testcase>

      <system-out><![CDATA[]]></system-out>

      <system-err><![CDATA[]]></system-err>

  </testsuite>
  <testsuite errors="1" failures="0" hostname="DESKTOP-JNAL68L" id="16" name="HeapFileWriteTest" package="simpledb" skipped="0" tests="1" time="0.185" timestamp="2021-02-18T16:05:49">
      <properties>
[...]
</properties>

      <testcase classname="simpledb.HeapFileWriteTest" name="addTuple" time="0.084">
          <error message="implement this" type="java.lang.UnsupportedOperationException">java.lang.UnsupportedOperationException: implement this
	at simpledb.HeapFile.getId(HeapFile.java:50)
	at simpledb.Utility.createEmptyHeapFile(Utility.java:112)
	at simpledb.TestUtil$CreateHeapFile.setUp(TestUtil.java:388)
	at simpledb.HeapFileWriteTest.setUp(HeapFileWriteTest.java:17)
	at java.base/jdk.internal.reflect.NativeMethodAccessorImpl.invoke0(Native Method)
	at java.base/jdk.internal.reflect.NativeMethodAccessorImpl.invoke(NativeMethodAccessorImpl.java:62)
	at java.base/jdk.internal.reflect.DelegatingMethodAccessorImpl.invoke(DelegatingMethodAccessorImpl.java:43)
</error>

      </testcase>

      <system-out><![CDATA[]]></system-out>

      <system-err><![CDATA[]]></system-err>

  </testsuite>
  <testsuite errors="1" failures="3" hostname="DESKTOP-JNAL68L" id="17" name="HeapPageIdTest" package="simpledb" skipped="0" tests="4" time="0.147" timestamp="2021-02-18T16:05:49">
      <properties>
[...]
</properties>

      <testcase classname="simpledb.HeapPageIdTest" name="equals" time="0.015">
          <error type="java.lang.AssertionError">java.lang.AssertionError: 
	at simpledb.HeapPageIdTest.equals(HeapPageIdTest.java:68)
	at java.base/jdk.internal.reflect.NativeMethodAccessorImpl.invoke0(Native Method)
	at java.base/jdk.internal.reflect.NativeMethodAccessorImpl.invoke(NativeMethodAccessorImpl.java:62)
	at java.base/jdk.internal.reflect.DelegatingMethodAccessorImpl.invoke(DelegatingMethodAccessorImpl.java:43)
</error>

      </testcase>

      <testcase classname="simpledb.HeapPageIdTest" name="getTableId" time="0.001">
          <error message="expected:&lt;1&gt; but was:&lt;0&gt;" type="java.lang.AssertionError">java.lang.AssertionError: expected:&lt;1&gt; but was:&lt;0&gt;
	at simpledb.HeapPageIdTest.getTableId(HeapPageIdTest.java:25)
	at java.base/jdk.internal.reflect.NativeMethodAccessorImpl.invoke0(Native Method)
	at java.base/jdk.internal.reflect.NativeMethodAccessorImpl.invoke(NativeMethodAccessorImpl.java:62)
	at java.base/jdk.internal.reflect.DelegatingMethodAccessorImpl.invoke(DelegatingMethodAccessorImpl.java:43)
</error>

      </testcase>

      <testcase classname="simpledb.HeapPageIdTest" name="testHashCode" time="0.001">
          <error message="implement this" type="java.lang.UnsupportedOperationException">java.lang.UnsupportedOperationException: implement this
	at simpledb.HeapPageId.hashCode(HeapPageId.java:40)
	at simpledb.HeapPageIdTest.testHashCode(HeapPageIdTest.java:44)
	at java.base/jdk.internal.reflect.NativeMethodAccessorImpl.invoke0(Native Method)
	at java.base/jdk.internal.reflect.NativeMethodAccessorImpl.invoke(NativeMethodAccessorImpl.java:62)
	at java.base/jdk.internal.reflect.DelegatingMethodAccessorImpl.invoke(DelegatingMethodAccessorImpl.java:43)
</error>

      </testcase>

      <testcase classname="simpledb.HeapPageIdTest" name="pageno" time="0.001">
          <error message="expected:&lt;1&gt; but was:&lt;0&gt;" type="java.lang.AssertionError">java.lang.AssertionError: expected:&lt;1&gt; but was:&lt;0&gt;
	at simpledb.HeapPageIdTest.pageno(HeapPageIdTest.java:32)
	at java.base/jdk.internal.reflect.NativeMethodAccessorImpl.invoke0(Native Method)
	at java.base/jdk.internal.reflect.NativeMethodAccessorImpl.invoke(NativeMethodAccessorImpl.java:62)
	at java.base/jdk.internal.reflect.DelegatingMethodAccessorImpl.invoke(DelegatingMethodAccessorImpl.java:43)
</error>

      </testcase>

      <system-out><![CDATA[]]></system-out>

      <system-err><![CDATA[]]></system-err>

  </testsuite>
  <testsuite errors="4" failures="0" hostname="DESKTOP-JNAL68L" id="18" name="HeapPageReadTest" package="simpledb" skipped="0" tests="4" time="0.146" timestamp="2021-02-18T16:05:50">
      <properties>
[...]
</properties>

      <testcase classname="simpledb.HeapPageReadTest" name="getId" time="0.019">
          <error type="java.lang.NullPointerException">java.lang.NullPointerException
	at simpledb.HeapPage.getPageData(HeapPage.java:207)
	at simpledb.HeapPage.setBeforeImage(HeapPage.java:106)
	at simpledb.HeapPage.&lt;init&gt;(HeapPage.java:62)
	at simpledb.HeapPageReadTest.getId(HeapPageReadTest.java:79)
	at java.base/jdk.internal.reflect.NativeMethodAccessorImpl.invoke0(Native Method)
	at java.base/jdk.internal.reflect.NativeMethodAccessorImpl.invoke(NativeMethodAccessorImpl.java:62)
	at java.base/jdk.internal.reflect.DelegatingMethodAccessorImpl.invoke(DelegatingMethodAccessorImpl.java:43)
</error>

      </testcase>

      <testcase classname="simpledb.HeapPageReadTest" name="getSlot" time="0.002">
          <error type="java.lang.NullPointerException">java.lang.NullPointerException
	at simpledb.HeapPage.getPageData(HeapPage.java:207)
	at simpledb.HeapPage.setBeforeImage(HeapPage.java:106)
	at simpledb.HeapPage.&lt;init&gt;(HeapPage.java:62)
	at simpledb.HeapPageReadTest.getSlot(HeapPageReadTest.java:114)
	at java.base/jdk.internal.reflect.NativeMethodAccessorImpl.invoke0(Native Method)
	at java.base/jdk.internal.reflect.NativeMethodAccessorImpl.invoke(NativeMethodAccessorImpl.java:62)
	at java.base/jdk.internal.reflect.DelegatingMethodAccessorImpl.invoke(DelegatingMethodAccessorImpl.java:43)
</error>

      </testcase>

      <testcase classname="simpledb.HeapPageReadTest" name="getNumEmptySlots" time="0.001">
          <error type="java.lang.NullPointerException">java.lang.NullPointerException
	at simpledb.HeapPage.getPageData(HeapPage.java:207)
	at simpledb.HeapPage.setBeforeImage(HeapPage.java:106)
	at simpledb.HeapPage.&lt;init&gt;(HeapPage.java:62)
	at simpledb.HeapPageReadTest.getNumEmptySlots(HeapPageReadTest.java:106)
	at java.base/jdk.internal.reflect.NativeMethodAccessorImpl.invoke0(Native Method)
	at java.base/jdk.internal.reflect.NativeMethodAccessorImpl.invoke(NativeMethodAccessorImpl.java:62)
	at java.base/jdk.internal.reflect.DelegatingMethodAccessorImpl.invoke(DelegatingMethodAccessorImpl.java:43)
</error>

      </testcase>

      <testcase classname="simpledb.HeapPageReadTest" name="testIterator" time="0.0">
          <error type="java.lang.NullPointerException">java.lang.NullPointerException
	at simpledb.HeapPage.getPageData(HeapPage.java:207)
	at simpledb.HeapPage.setBeforeImage(HeapPage.java:106)
	at simpledb.HeapPage.&lt;init&gt;(HeapPage.java:62)
	at simpledb.HeapPageReadTest.testIterator(HeapPageReadTest.java:87)
	at java.base/jdk.internal.reflect.NativeMethodAccessorImpl.invoke0(Native Method)
	at java.base/jdk.internal.reflect.NativeMethodAccessorImpl.invoke(NativeMethodAccessorImpl.java:62)
	at java.base/jdk.internal.reflect.DelegatingMethodAccessorImpl.invoke(DelegatingMethodAccessorImpl.java:43)
</error>

      </testcase>

      <system-out><![CDATA[]]></system-out>

      <system-err><![CDATA[]]></system-err>

  </testsuite>
  <testsuite errors="4" failures="0" hostname="DESKTOP-JNAL68L" id="19" name="HeapPageWriteTest" package="simpledb" skipped="0" tests="4" time="0.202" timestamp="2021-02-18T16:05:51">
      <properties>
[...]
</properties>

      <testcase classname="simpledb.HeapPageWriteTest" name="deleteTuple" time="0.09">
          <error type="java.lang.NullPointerException">java.lang.NullPointerException
	at simpledb.HeapPage.getPageData(HeapPage.java:207)
	at simpledb.HeapPage.setBeforeImage(HeapPage.java:106)
	at simpledb.HeapPage.&lt;init&gt;(HeapPage.java:62)
	at simpledb.HeapPageWriteTest.deleteTuple(HeapPageWriteTest.java:101)
	at java.base/jdk.internal.reflect.NativeMethodAccessorImpl.invoke0(Native Method)
	at java.base/jdk.internal.reflect.NativeMethodAccessorImpl.invoke(NativeMethodAccessorImpl.java:62)
	at java.base/jdk.internal.reflect.DelegatingMethodAccessorImpl.invoke(DelegatingMethodAccessorImpl.java:43)
</error>

      </testcase>

      <testcase classname="simpledb.HeapPageWriteTest" name="testDirty" time="0.002">
          <error type="java.lang.NullPointerException">java.lang.NullPointerException
	at simpledb.HeapPage.getPageData(HeapPage.java:207)
	at simpledb.HeapPage.setBeforeImage(HeapPage.java:106)
	at simpledb.HeapPage.&lt;init&gt;(HeapPage.java:62)
	at simpledb.HeapPageWriteTest.testDirty(HeapPageWriteTest.java:36)
	at java.base/jdk.internal.reflect.NativeMethodAccessorImpl.invoke0(Native Method)
	at java.base/jdk.internal.reflect.NativeMethodAccessorImpl.invoke(NativeMethodAccessorImpl.java:62)
	at java.base/jdk.internal.reflect.DelegatingMethodAccessorImpl.invoke(DelegatingMethodAccessorImpl.java:43)
</error>

      </testcase>

      <testcase classname="simpledb.HeapPageWriteTest" name="addTuple" time="0.001">
          <error type="java.lang.NullPointerException">java.lang.NullPointerException
	at simpledb.HeapPage.getPageData(HeapPage.java:207)
	at simpledb.HeapPage.setBeforeImage(HeapPage.java:106)
	at simpledb.HeapPage.&lt;init&gt;(HeapPage.java:62)
	at simpledb.HeapPageWriteTest.addTuple(HeapPageWriteTest.java:51)
	at java.base/jdk.internal.reflect.NativeMethodAccessorImpl.invoke0(Native Method)
	at java.base/jdk.internal.reflect.NativeMethodAccessorImpl.invoke(NativeMethodAccessorImpl.java:62)
	at java.base/jdk.internal.reflect.DelegatingMethodAccessorImpl.invoke(DelegatingMethodAccessorImpl.java:43)
</error>

      </testcase>

      <testcase classname="simpledb.HeapPageWriteTest" name="deleteNonexistentTuple" time="0.001">
          <error message="Unexpected exception, expected&lt;simpledb.DbException&gt; but was&lt;java.lang.NullPointerException&gt;" type="java.lang.Exception">java.lang.Exception: Unexpected exception, expected&lt;simpledb.DbException&gt; but was&lt;java.lang.NullPointerException&gt;
Caused by: java.lang.NullPointerException
	at simpledb.HeapPage.getPageData(HeapPage.java:207)
	at simpledb.HeapPage.setBeforeImage(HeapPage.java:106)
	at simpledb.HeapPage.&lt;init&gt;(HeapPage.java:62)
	at simpledb.HeapPageWriteTest.deleteNonexistentTuple(HeapPageWriteTest.java:93)
	at java.base/jdk.internal.reflect.NativeMethodAccessorImpl.invoke0(Native Method)
	at java.base/jdk.internal.reflect.NativeMethodAccessorImpl.invoke(NativeMethodAccessorImpl.java:62)
	at java.base/jdk.internal.reflect.DelegatingMethodAccessorImpl.invoke(DelegatingMethodAccessorImpl.java:43)
</error>

      </testcase>

      <system-out><![CDATA[]]></system-out>

      <system-err><![CDATA[]]></system-err>

  </testsuite>
  <testsuite errors="2" failures="0" hostname="DESKTOP-JNAL68L" id="20" name="InsertTest" package="simpledb" skipped="0" tests="2" time="0.215" timestamp="2021-02-18T16:05:52">
      <properties>
[...]
</properties>

      <testcase classname="simpledb.InsertTest" name="getTupleDesc" time="0.098">
          <error message="implement this" type="java.lang.UnsupportedOperationException">java.lang.UnsupportedOperationException: implement this
	at simpledb.HeapFile.getId(HeapFile.java:50)
	at simpledb.Utility.createEmptyHeapFile(Utility.java:112)
	at simpledb.TestUtil$CreateHeapFile.setUp(TestUtil.java:388)
	at simpledb.InsertTest.setUp(InsertTest.java:23)
	at java.base/jdk.internal.reflect.NativeMethodAccessorImpl.invoke0(Native Method)
	at java.base/jdk.internal.reflect.NativeMethodAccessorImpl.invoke(NativeMethodAccessorImpl.java:62)
	at java.base/jdk.internal.reflect.DelegatingMethodAccessorImpl.invoke(DelegatingMethodAccessorImpl.java:43)
</error>

      </testcase>

      <testcase classname="simpledb.InsertTest" name="getNext" time="0.003">
          <error message="implement this" type="java.lang.UnsupportedOperationException">java.lang.UnsupportedOperationException: implement this
	at simpledb.HeapFile.getId(HeapFile.java:50)
	at simpledb.Utility.createEmptyHeapFile(Utility.java:112)
	at simpledb.TestUtil$CreateHeapFile.setUp(TestUtil.java:388)
	at simpledb.InsertTest.setUp(InsertTest.java:23)
	at java.base/jdk.internal.reflect.NativeMethodAccessorImpl.invoke0(Native Method)
	at java.base/jdk.internal.reflect.NativeMethodAccessorImpl.invoke(NativeMethodAccessorImpl.java:62)
	at java.base/jdk.internal.reflect.DelegatingMethodAccessorImpl.invoke(DelegatingMethodAccessorImpl.java:43)
</error>

      </testcase>

      <system-out><![CDATA[]]></system-out>

      <system-err><![CDATA[]]></system-err>

  </testsuite>
  <testsuite errors="0" failures="8" hostname="DESKTOP-JNAL68L" id="21" name="IntHistogramTest" package="simpledb" skipped="0" tests="8" time="0.165" timestamp="2021-02-18T16:05:52">
      <properties>
[...]
</properties>

      <testcase classname="simpledb.IntHistogramTest" name="opGreaterThanOrEqualsTest" time="0.019">
          <failure type="junit.framework.AssertionFailedError">junit.framework.AssertionFailedError: 
	at simpledb.IntHistogramTest.opGreaterThanOrEqualsTest(IntHistogramTest.java:134)
	at java.base/jdk.internal.reflect.NativeMethodAccessorImpl.invoke0(Native Method)
	at java.base/jdk.internal.reflect.NativeMethodAccessorImpl.invoke(NativeMethodAccessorImpl.java:62)
	at java.base/jdk.internal.reflect.DelegatingMethodAccessorImpl.invoke(DelegatingMethodAccessorImpl.java:43)
</failure>

      </testcase>

      <testcase classname="simpledb.IntHistogramTest" name="opLessThanOrEqualsTest" time="0.001">
          <failure type="junit.framework.AssertionFailedError">junit.framework.AssertionFailedError: 
	at simpledb.IntHistogramTest.opLessThanOrEqualsTest(IntHistogramTest.java:157)
	at java.base/jdk.internal.reflect.NativeMethodAccessorImpl.invoke0(Native Method)
	at java.base/jdk.internal.reflect.NativeMethodAccessorImpl.invoke(NativeMethodAccessorImpl.java:62)
	at java.base/jdk.internal.reflect.DelegatingMethodAccessorImpl.invoke(DelegatingMethodAccessorImpl.java:43)
</failure>

      </testcase>

      <testcase classname="simpledb.IntHistogramTest" name="orderOfGrowthTest" time="0.013">
          <failure type="junit.framework.AssertionFailedError">junit.framework.AssertionFailedError: 
	at simpledb.IntHistogramTest.orderOfGrowthTest(IntHistogramTest.java:37)
	at java.base/jdk.internal.reflect.NativeMethodAccessorImpl.invoke0(Native Method)
	at java.base/jdk.internal.reflect.NativeMethodAccessorImpl.invoke(NativeMethodAccessorImpl.java:62)
	at java.base/jdk.internal.reflect.DelegatingMethodAccessorImpl.invoke(DelegatingMethodAccessorImpl.java:43)
</failure>

      </testcase>

      <testcase classname="simpledb.IntHistogramTest" name="opGreaterThanTest" time="0.001">
          <failure type="junit.framework.AssertionFailedError">junit.framework.AssertionFailedError: 
	at simpledb.IntHistogramTest.opGreaterThanTest(IntHistogramTest.java:94)
	at java.base/jdk.internal.reflect.NativeMethodAccessorImpl.invoke0(Native Method)
	at java.base/jdk.internal.reflect.NativeMethodAccessorImpl.invoke(NativeMethodAccessorImpl.java:62)
	at java.base/jdk.internal.reflect.DelegatingMethodAccessorImpl.invoke(DelegatingMethodAccessorImpl.java:43)
</failure>

      </testcase>

      <testcase classname="simpledb.IntHistogramTest" name="opLessThanTest" time="0.001">
          <failure type="junit.framework.AssertionFailedError">junit.framework.AssertionFailedError: 
	at simpledb.IntHistogramTest.opLessThanTest(IntHistogramTest.java:116)
	at java.base/jdk.internal.reflect.NativeMethodAccessorImpl.invoke0(Native Method)
	at java.base/jdk.internal.reflect.NativeMethodAccessorImpl.invoke(NativeMethodAccessorImpl.java:62)
	at java.base/jdk.internal.reflect.DelegatingMethodAccessorImpl.invoke(DelegatingMethodAccessorImpl.java:43)
</failure>

      </testcase>

      <testcase classname="simpledb.IntHistogramTest" name="negativeRangeTest" time="0.002">
          <failure type="junit.framework.AssertionFailedError">junit.framework.AssertionFailedError: 
	at simpledb.IntHistogramTest.negativeRangeTest(IntHistogramTest.java:60)
	at java.base/jdk.internal.reflect.NativeMethodAccessorImpl.invoke0(Native Method)
	at java.base/jdk.internal.reflect.NativeMethodAccessorImpl.invoke(NativeMethodAccessorImpl.java:62)
	at java.base/jdk.internal.reflect.DelegatingMethodAccessorImpl.invoke(DelegatingMethodAccessorImpl.java:43)
</failure>

      </testcase>

      <testcase classname="simpledb.IntHistogramTest" name="opEqualsTest" time="0.002">
          <failure type="junit.framework.AssertionFailedError">junit.framework.AssertionFailedError: 
	at simpledb.IntHistogramTest.opEqualsTest(IntHistogramTest.java:76)
	at java.base/jdk.internal.reflect.NativeMethodAccessorImpl.invoke0(Native Method)
	at java.base/jdk.internal.reflect.NativeMethodAccessorImpl.invoke(NativeMethodAccessorImpl.java:62)
	at java.base/jdk.internal.reflect.DelegatingMethodAccessorImpl.invoke(DelegatingMethodAccessorImpl.java:43)
</failure>

      </testcase>

      <testcase classname="simpledb.IntHistogramTest" name="opNotEqualsTest" time="0.002">
          <failure type="junit.framework.AssertionFailedError">junit.framework.AssertionFailedError: 
	at simpledb.IntHistogramTest.opNotEqualsTest(IntHistogramTest.java:175)
	at java.base/jdk.internal.reflect.NativeMethodAccessorImpl.invoke0(Native Method)
	at java.base/jdk.internal.reflect.NativeMethodAccessorImpl.invoke(NativeMethodAccessorImpl.java:62)
	at java.base/jdk.internal.reflect.DelegatingMethodAccessorImpl.invoke(DelegatingMethodAccessorImpl.java:43)
</failure>

      </testcase>

      <system-out><![CDATA[]]></system-out>

      <system-err><![CDATA[]]></system-err>

  </testsuite>
  <testsuite errors="5" failures="0" hostname="DESKTOP-JNAL68L" id="22" name="IntegerAggregatorTest" package="simpledb" skipped="0" tests="5" time="0.144" timestamp="2021-02-18T16:05:53">
      <properties>
[...]
</properties>

      <testcase classname="simpledb.IntegerAggregatorTest" name="mergeAvg" time="0.026">
          <error type="java.lang.NullPointerException">java.lang.NullPointerException
	at simpledb.TupleIterator.&lt;init&gt;(TupleIterator.java:30)
	at simpledb.TestUtil.createTupleList(TestUtil.java:36)
	at simpledb.IntegerAggregatorTest.createTupleList(IntegerAggregatorTest.java:27)
	at java.base/jdk.internal.reflect.NativeMethodAccessorImpl.invoke0(Native Method)
	at java.base/jdk.internal.reflect.NativeMethodAccessorImpl.invoke(NativeMethodAccessorImpl.java:62)
	at java.base/jdk.internal.reflect.DelegatingMethodAccessorImpl.invoke(DelegatingMethodAccessorImpl.java:43)
</error>

      </testcase>

      <testcase classname="simpledb.IntegerAggregatorTest" name="mergeSum" time="0.002">
          <error type="java.lang.NullPointerException">java.lang.NullPointerException
	at simpledb.TupleIterator.&lt;init&gt;(TupleIterator.java:30)
	at simpledb.TestUtil.createTupleList(TestUtil.java:36)
	at simpledb.IntegerAggregatorTest.createTupleList(IntegerAggregatorTest.java:27)
	at java.base/jdk.internal.reflect.NativeMethodAccessorImpl.invoke0(Native Method)
	at java.base/jdk.internal.reflect.NativeMethodAccessorImpl.invoke(NativeMethodAccessorImpl.java:62)
	at java.base/jdk.internal.reflect.DelegatingMethodAccessorImpl.invoke(DelegatingMethodAccessorImpl.java:43)
</error>

      </testcase>

      <testcase classname="simpledb.IntegerAggregatorTest" name="testIterator" time="0.002">
          <error type="java.lang.NullPointerException">java.lang.NullPointerException
	at simpledb.TupleIterator.&lt;init&gt;(TupleIterator.java:30)
	at simpledb.TestUtil.createTupleList(TestUtil.java:36)
	at simpledb.IntegerAggregatorTest.createTupleList(IntegerAggregatorTest.java:27)
	at java.base/jdk.internal.reflect.NativeMethodAccessorImpl.invoke0(Native Method)
	at java.base/jdk.internal.reflect.NativeMethodAccessorImpl.invoke(NativeMethodAccessorImpl.java:62)
	at java.base/jdk.internal.reflect.DelegatingMethodAccessorImpl.invoke(DelegatingMethodAccessorImpl.java:43)
</error>

      </testcase>

      <testcase classname="simpledb.IntegerAggregatorTest" name="mergeMax" time="0.001">
          <error type="java.lang.NullPointerException">java.lang.NullPointerException
	at simpledb.TupleIterator.&lt;init&gt;(TupleIterator.java:30)
	at simpledb.TestUtil.createTupleList(TestUtil.java:36)
	at simpledb.IntegerAggregatorTest.createTupleList(IntegerAggregatorTest.java:27)
	at java.base/jdk.internal.reflect.NativeMethodAccessorImpl.invoke0(Native Method)
	at java.base/jdk.internal.reflect.NativeMethodAccessorImpl.invoke(NativeMethodAccessorImpl.java:62)
	at java.base/jdk.internal.reflect.DelegatingMethodAccessorImpl.invoke(DelegatingMethodAccessorImpl.java:43)
</error>

      </testcase>

      <testcase classname="simpledb.IntegerAggregatorTest" name="mergeMin" time="0.001">
          <error type="java.lang.NullPointerException">java.lang.NullPointerException
	at simpledb.TupleIterator.&lt;init&gt;(TupleIterator.java:30)
	at simpledb.TestUtil.createTupleList(TestUtil.java:36)
	at simpledb.IntegerAggregatorTest.createTupleList(IntegerAggregatorTest.java:27)
	at java.base/jdk.internal.reflect.NativeMethodAccessorImpl.invoke0(Native Method)
	at java.base/jdk.internal.reflect.NativeMethodAccessorImpl.invoke(NativeMethodAccessorImpl.java:62)
	at java.base/jdk.internal.reflect.DelegatingMethodAccessorImpl.invoke(DelegatingMethodAccessorImpl.java:43)
</error>

      </testcase>

      <system-out><![CDATA[]]></system-out>

      <system-err><![CDATA[]]></system-err>

  </testsuite>
  <testsuite errors="2" failures="3" hostname="DESKTOP-JNAL68L" id="23" name="JoinOptimizerTest" package="simpledb" skipped="0" tests="5" time="1.24" timestamp="2021-02-18T16:05:54">
      <properties>
[...]
</properties>

      <testcase classname="simpledb.JoinOptimizerTest" name="estimateJoinCardinality" time="0.261">
          <failure type="junit.framework.AssertionFailedError">junit.framework.AssertionFailedError: 
	at simpledb.JoinOptimizerTest.estimateJoinCardinality(JoinOptimizerTest.java:257)
	at java.base/jdk.internal.reflect.NativeMethodAccessorImpl.invoke0(Native Method)
	at java.base/jdk.internal.reflect.NativeMethodAccessorImpl.invoke(NativeMethodAccessorImpl.java:62)
	at java.base/jdk.internal.reflect.DelegatingMethodAccessorImpl.invoke(DelegatingMethodAccessorImpl.java:43)
</failure>

      </testcase>

      <testcase classname="simpledb.JoinOptimizerTest" name="estimateJoinCostTest" time="0.055">
          <failure type="junit.framework.AssertionFailedError">junit.framework.AssertionFailedError: 
	at simpledb.JoinOptimizerTest.getRandomJoinCosts(JoinOptimizerTest.java:98)
	at simpledb.JoinOptimizerTest.checkJoinEstimateCosts(JoinOptimizerTest.java:161)
	at simpledb.JoinOptimizerTest.estimateJoinCostTest(JoinOptimizerTest.java:124)
	at java.base/jdk.internal.reflect.NativeMethodAccessorImpl.invoke0(Native Method)
	at java.base/jdk.internal.reflect.NativeMethodAccessorImpl.invoke(NativeMethodAccessorImpl.java:62)
	at java.base/jdk.internal.reflect.DelegatingMethodAccessorImpl.invoke(DelegatingMethodAccessorImpl.java:43)
</failure>

      </testcase>

      <testcase classname="simpledb.JoinOptimizerTest" name="nonequalityOrderJoinsTest" time="0.084">
[...]
</error>

      </testcase>

      <system-out><![CDATA[]]></system-out>

      <system-err><![CDATA[]]></system-err>

  </testsuite>
  <testsuite errors="3" failures="0" hostname="DESKTOP-JNAL68L" id="44" name="JoinTest" package="simpledb.systemtest" skipped="0" tests="3" time="0.223" timestamp="2021-02-18T16:06:15">
      <properties>
[...]
</properties>

      <testcase classname="simpledb.systemtest.JoinTest" name="testMultipleMatch" time="0.105">
          <error message="implement this" type="java.lang.UnsupportedOperationException">java.lang.UnsupportedOperationException: implement this
	at simpledb.HeapFile.getId(HeapFile.java:50)
	at simpledb.systemtest.JoinTest.validateJoin(JoinTest.java:45)
	at simpledb.systemtest.JoinTest.testMultipleMatch(JoinTest.java:69)
	at java.base/jdk.internal.reflect.NativeMethodAccessorImpl.invoke0(Native Method)
	at java.base/jdk.internal.reflect.NativeMethodAccessorImpl.invoke(NativeMethodAccessorImpl.java:62)
	at java.base/jdk.internal.reflect.DelegatingMethodAccessorImpl.invoke(DelegatingMethodAccessorImpl.java:43)
</error>

      </testcase>

      <testcase classname="simpledb.systemtest.JoinTest" name="testNoMatch" time="0.007">
          <error message="implement this" type="java.lang.UnsupportedOperationException">java.lang.UnsupportedOperationException: implement this
	at simpledb.HeapFile.getId(HeapFile.java:50)
	at simpledb.systemtest.JoinTest.validateJoin(JoinTest.java:45)
	at simpledb.systemtest.JoinTest.testNoMatch(JoinTest.java:64)
	at java.base/jdk.internal.reflect.NativeMethodAccessorImpl.invoke0(Native Method)
	at java.base/jdk.internal.reflect.NativeMethodAccessorImpl.invoke(NativeMethodAccessorImpl.java:62)
	at java.base/jdk.internal.reflect.DelegatingMethodAccessorImpl.invoke(DelegatingMethodAccessorImpl.java:43)
</error>

      </testcase>

      <testcase classname="simpledb.systemtest.JoinTest" name="testSingleMatch" time="0.007">
          <error message="implement this" type="java.lang.UnsupportedOperationException">java.lang.UnsupportedOperationException: implement this
	at simpledb.HeapFile.getId(HeapFile.java:50)
	at simpledb.systemtest.JoinTest.validateJoin(JoinTest.java:45)
	at simpledb.systemtest.JoinTest.testSingleMatch(JoinTest.java:59)
	at java.base/jdk.internal.reflect.NativeMethodAccessorImpl.invoke0(Native Method)
	at java.base/jdk.internal.reflect.NativeMethodAccessorImpl.invoke(NativeMethodAccessorImpl.java:62)
	at java.base/jdk.internal.reflect.DelegatingMethodAccessorImpl.invoke(DelegatingMethodAccessorImpl.java:43)
</error>

      </testcase>

      <system-out><![CDATA[]]></system-out>

      <system-err><![CDATA[]]></system-err>

  </testsuite>
  <testsuite errors="10" failures="0" hostname="DESKTOP-JNAL68L" id="45" name="LogTest" package="simpledb.systemtest" skipped="0" tests="10" time="0.252" timestamp="2021-02-18T16:06:16">
      <properties>
[...]
</properties>

      <testcase classname="simpledb.systemtest.LogTest" name="TestOpenCommitOpenCrash" time="0.09">
          <error message="implement this" type="java.lang.UnsupportedOperationException">java.lang.UnsupportedOperationException: implement this
	at simpledb.HeapFile.getId(HeapFile.java:50)
	at simpledb.Utility.createEmptyHeapFile(Utility.java:112)
	at simpledb.systemtest.LogTest.setup(LogTest.java:125)
	at simpledb.systemtest.LogTest.TestOpenCommitOpenCrash(LogTest.java:343)
	at java.base/jdk.internal.reflect.NativeMethodAccessorImpl.invoke0(Native Method)
	at java.base/jdk.internal.reflect.NativeMethodAccessorImpl.invoke(NativeMethodAccessorImpl.java:62)
	at java.base/jdk.internal.reflect.DelegatingMethodAccessorImpl.invoke(DelegatingMethodAccessorImpl.java:43)
</error>

      </testcase>

      <testcase classname="simpledb.systemtest.LogTest" name="TestCommitAbortCommitCrash" time="0.003">
          <error message="implement this" type="java.lang.UnsupportedOperationException">java.lang.UnsupportedOperationException: implement this
	at simpledb.HeapFile.getId(HeapFile.java:50)
	at simpledb.Utility.createEmptyHeapFile(Utility.java:112)
	at simpledb.systemtest.LogTest.setup(LogTest.java:125)
	at simpledb.systemtest.LogTest.TestCommitAbortCommitCrash(LogTest.java:277)
	at java.base/jdk.internal.reflect.NativeMethodAccessorImpl.invoke0(Native Method)
	at java.base/jdk.internal.reflect.NativeMethodAccessorImpl.invoke(NativeMethodAccessorImpl.java:62)
	at java.base/jdk.internal.reflect.DelegatingMethodAccessorImpl.invoke(DelegatingMethodAccessorImpl.java:43)
</error>

      </testcase>

      <testcase classname="simpledb.systemtest.LogTest" name="TestAbortCommitInterleaved" time="0.003">
          <error message="implement this" type="java.lang.UnsupportedOperationException">java.lang.UnsupportedOperationException: implement this
	at simpledb.HeapFile.getId(HeapFile.java:50)
	at simpledb.Utility.createEmptyHeapFile(Utility.java:112)
	at simpledb.systemtest.LogTest.setup(LogTest.java:125)
	at simpledb.systemtest.LogTest.TestAbortCommitInterleaved(LogTest.java:215)
	at java.base/jdk.internal.reflect.NativeMethodAccessorImpl.invoke0(Native Method)
	at java.base/jdk.internal.reflect.NativeMethodAccessorImpl.invoke(NativeMethodAccessorImpl.java:62)
	at java.base/jdk.internal.reflect.DelegatingMethodAccessorImpl.invoke(DelegatingMethodAccessorImpl.java:43)
</error>

      </testcase>

      <testcase classname="simpledb.systemtest.LogTest" name="TestOpenCommitCheckpointOpenCrash" time="0.002">
          <error message="implement this" type="java.lang.UnsupportedOperationException">java.lang.UnsupportedOperationException: implement this
	at simpledb.HeapFile.getId(HeapFile.java:50)
	at simpledb.Utility.createEmptyHeapFile(Utility.java:112)
	at simpledb.systemtest.LogTest.setup(LogTest.java:125)
	at simpledb.systemtest.LogTest.TestOpenCommitCheckpointOpenCrash(LogTest.java:384)
	at java.base/jdk.internal.reflect.NativeMethodAccessorImpl.invoke0(Native Method)
	at java.base/jdk.internal.reflect.NativeMethodAccessorImpl.invoke(NativeMethodAccessorImpl.java:62)
	at java.base/jdk.internal.reflect.DelegatingMethodAccessorImpl.invoke(DelegatingMethodAccessorImpl.java:43)
</error>

      </testcase>

      <testcase classname="simpledb.systemtest.LogTest" name="TestFlushAll" time="0.003">
          <error message="implement this" type="java.lang.UnsupportedOperationException">java.lang.UnsupportedOperationException: implement this
	at simpledb.HeapFile.getId(HeapFile.java:50)
	at simpledb.Utility.createEmptyHeapFile(Utility.java:112)
	at simpledb.systemtest.LogTest.setup(LogTest.java:125)
	at simpledb.systemtest.LogTest.TestFlushAll(LogTest.java:157)
	at java.base/jdk.internal.reflect.NativeMethodAccessorImpl.invoke0(Native Method)
	at java.base/jdk.internal.reflect.NativeMethodAccessorImpl.invoke(NativeMethodAccessorImpl.java:62)
	at java.base/jdk.internal.reflect.DelegatingMethodAccessorImpl.invoke(DelegatingMethodAccessorImpl.java:43)
</error>

      </testcase>

      <testcase classname="simpledb.systemtest.LogTest" name="TestAbortCrash" time="0.003">
          <error message="implement this" type="java.lang.UnsupportedOperationException">java.lang.UnsupportedOperationException: implement this
	at simpledb.HeapFile.getId(HeapFile.java:50)
	at simpledb.Utility.createEmptyHeapFile(Utility.java:112)
	at simpledb.systemtest.LogTest.setup(LogTest.java:125)
	at simpledb.systemtest.LogTest.TestAbortCrash(LogTest.java:248)
	at java.base/jdk.internal.reflect.NativeMethodAccessorImpl.invoke0(Native Method)
	at java.base/jdk.internal.reflect.NativeMethodAccessorImpl.invoke(NativeMethodAccessorImpl.java:62)
	at java.base/jdk.internal.reflect.DelegatingMethodAccessorImpl.invoke(DelegatingMethodAccessorImpl.java:43)
</error>

      </testcase>

      <testcase classname="simpledb.systemtest.LogTest" name="TestOpenCrash" time="0.002">
          <error message="implement this" type="java.lang.UnsupportedOperationException">java.lang.UnsupportedOperationException: implement this
	at simpledb.HeapFile.getId(HeapFile.java:50)
	at simpledb.Utility.createEmptyHeapFile(Utility.java:112)
	at simpledb.systemtest.LogTest.setup(LogTest.java:125)
	at simpledb.systemtest.LogTest.TestOpenCrash(LogTest.java:317)
	at java.base/jdk.internal.reflect.NativeMethodAccessorImpl.invoke0(Native Method)
	at java.base/jdk.internal.reflect.NativeMethodAccessorImpl.invoke(NativeMethodAccessorImpl.java:62)
	at java.base/jdk.internal.reflect.DelegatingMethodAccessorImpl.invoke(DelegatingMethodAccessorImpl.java:43)
</error>

      </testcase>

      <testcase classname="simpledb.systemtest.LogTest" name="TestAbort" time="0.003">
          <error message="implement this" type="java.lang.UnsupportedOperationException">java.lang.UnsupportedOperationException: implement this
	at simpledb.HeapFile.getId(HeapFile.java:50)
	at simpledb.Utility.createEmptyHeapFile(Utility.java:112)
	at simpledb.systemtest.LogTest.setup(LogTest.java:125)
	at simpledb.systemtest.LogTest.TestAbort(LogTest.java:195)
	at java.base/jdk.internal.reflect.NativeMethodAccessorImpl.invoke0(Native Method)
	at java.base/jdk.internal.reflect.NativeMethodAccessorImpl.invoke(NativeMethodAccessorImpl.java:62)
	at java.base/jdk.internal.reflect.DelegatingMethodAccessorImpl.invoke(DelegatingMethodAccessorImpl.java:43)
</error>

      </testcase>

      <testcase classname="simpledb.systemtest.LogTest" name="PatchTest" time="0.002">
          <error message="implement this" type="java.lang.UnsupportedOperationException">java.lang.UnsupportedOperationException: implement this
	at simpledb.HeapFile.getId(HeapFile.java:50)
	at simpledb.Utility.createEmptyHeapFile(Utility.java:112)
	at simpledb.systemtest.LogTest.setup(LogTest.java:125)
	at simpledb.systemtest.LogTest.PatchTest(LogTest.java:131)
	at java.base/jdk.internal.reflect.NativeMethodAccessorImpl.invoke0(Native Method)
	at java.base/jdk.internal.reflect.NativeMethodAccessorImpl.invoke(NativeMethodAccessorImpl.java:62)
	at java.base/jdk.internal.reflect.DelegatingMethodAccessorImpl.invoke(DelegatingMethodAccessorImpl.java:43)
</error>

      </testcase>

      <testcase classname="simpledb.systemtest.LogTest" name="TestCommitCrash" time="0.004">
          <error message="implement this" type="java.lang.UnsupportedOperationException">java.lang.UnsupportedOperationException: implement this
	at simpledb.HeapFile.getId(HeapFile.java:50)
	at simpledb.Utility.createEmptyHeapFile(Utility.java:112)
	at simpledb.systemtest.LogTest.setup(LogTest.java:125)
	at simpledb.systemtest.LogTest.TestCommitCrash(LogTest.java:176)
	at java.base/jdk.internal.reflect.NativeMethodAccessorImpl.invoke0(Native Method)
	at java.base/jdk.internal.reflect.NativeMethodAccessorImpl.invoke(NativeMethodAccessorImpl.java:62)
	at java.base/jdk.internal.reflect.DelegatingMethodAccessorImpl.invoke(DelegatingMethodAccessorImpl.java:43)
</error>

      </testcase>

      <system-out><![CDATA[]]></system-out>

      <system-err><![CDATA[]]></system-err>

  </testsuite>
  <testsuite errors="0" failures="0" hostname="DESKTOP-JNAL68L" id="46" name="QueryTest" package="simpledb.systemtest" skipped="0" tests="1" time="0.846" timestamp="2021-02-18T16:06:17">
      <properties>
[...]
</properties>

      <testcase classname="simpledb.systemtest.QueryTest" name="queryTest" time="0.724" />

      <system-out><![CDATA[Started a new transaction tid = 1
Added scan of table emp
Added scan of table dept
Added scan of table hobbies
Added scan of table hobby
Added join between emp.c1 and dept.c0
Added join between hobbies.c0 and emp.c2
Added join between hobbies.c1 and hobby.c0
Added select list field null.*
Transaction 1 aborted because of unhandled error
]]></system-out>

      <system-err><![CDATA[simpledb.DbException
	at simpledb.Parser.processNextStatement(Parser.java:558)
	at simpledb.Parser.processNextStatement(Parser.java:497)
	at simpledb.systemtest.QueryTest.queryTest(QueryTest.java:81)
	at java.base/jdk.internal.reflect.NativeMethodAccessorImpl.invoke0(Native Method)
	at java.base/jdk.internal.reflect.NativeMethodAccessorImpl.invoke(NativeMethodAccessorImpl.java:62)
	at java.base/jdk.internal.reflect.DelegatingMethodAccessorImpl.invoke(DelegatingMethodAccessorImpl.java:43)
	at java.base/java.lang.reflect.Method.invoke(Method.java:564)
	at org.junit.runners.model.FrameworkMethod$1.runReflectiveCall(FrameworkMethod.java:44)
	at org.junit.internal.runners.model.ReflectiveCallable.run(ReflectiveCallable.java:15)
	at org.junit.runners.model.FrameworkMethod.invokeExplosively(FrameworkMethod.java:41)
	at org.junit.internal.runners.statements.InvokeMethod.evaluate(InvokeMethod.java:20)
	at org.junit.internal.runners.statements.FailOnTimeout$1.call(FailOnTimeout.java:32)
	at java.base/java.util.concurrent.FutureTask.run(FutureTask.java:264)
	at java.base/java.util.concurrent.ThreadPoolExecutor.runWorker(ThreadPoolExecutor.java:1130)
	at java.base/java.util.concurrent.ThreadPoolExecutor$Worker.run(ThreadPoolExecutor.java:630)
	at java.base/java.lang.Thread.run(Thread.java:832)
]]></system-err>

  </testsuite>
  <testsuite errors="3" failures="0" hostname="DESKTOP-JNAL68L" id="47" name="ScanTest" package="simpledb.systemtest" skipped="0" tests="3" time="0.249" timestamp="2021-02-18T16:06:18">
      <properties>
[...]
</properties>

      <testcase classname="simpledb.systemtest.ScanTest" name="testSmall" time="0.09">
          <error message="implement this" type="java.lang.UnsupportedOperationException">java.lang.UnsupportedOperationException: implement this
	at simpledb.HeapFile.getId(HeapFile.java:50)
	at simpledb.systemtest.SystemTestUtil.matchTuples(SystemTestUtil.java:106)
	at simpledb.systemtest.SystemTestUtil.matchTuples(SystemTestUtil.java:100)
	at simpledb.systemtest.ScanTest.validateScan(ScanTest.java:32)
	at simpledb.systemtest.ScanTest.testSmall(ScanTest.java:43)
	at java.base/jdk.internal.reflect.NativeMethodAccessorImpl.invoke0(Native Method)
	at java.base/jdk.internal.reflect.NativeMethodAccessorImpl.invoke(NativeMethodAccessorImpl.java:62)
	at java.base/jdk.internal.reflect.DelegatingMethodAccessorImpl.invoke(DelegatingMethodAccessorImpl.java:43)
</error>

      </testcase>

      <testcase classname="simpledb.systemtest.ScanTest" name="testRewind" time="0.011">
          <error message="implement this" type="java.lang.UnsupportedOperationException">java.lang.UnsupportedOperationException: implement this
	at simpledb.HeapFile.getId(HeapFile.java:50)
	at simpledb.systemtest.ScanTest.testRewind(ScanTest.java:52)
	at java.base/jdk.internal.reflect.NativeMethodAccessorImpl.invoke0(Native Method)
	at java.base/jdk.internal.reflect.NativeMethodAccessorImpl.invoke(NativeMethodAccessorImpl.java:62)
	at java.base/jdk.internal.reflect.DelegatingMethodAccessorImpl.invoke(DelegatingMethodAccessorImpl.java:43)
</error>

      </testcase>

      <testcase classname="simpledb.systemtest.ScanTest" name="testCache" time="0.047">
          <error message="implement this" type="java.lang.UnsupportedOperationException">java.lang.UnsupportedOperationException: implement this
	at simpledb.HeapFile.getId(HeapFile.java:50)
	at simpledb.systemtest.SystemTestUtil.matchTuples(SystemTestUtil.java:106)
	at simpledb.systemtest.SystemTestUtil.matchTuples(SystemTestUtil.java:100)
	at simpledb.systemtest.ScanTest.testCache(ScanTest.java:98)
	at java.base/jdk.internal.reflect.NativeMethodAccessorImpl.invoke0(Native Method)
	at java.base/jdk.internal.reflect.NativeMethodAccessorImpl.invoke(NativeMethodAccessorImpl.java:62)
	at java.base/jdk.internal.reflect.DelegatingMethodAccessorImpl.invoke(DelegatingMethodAccessorImpl.java:43)
</error>

      </testcase>

      <system-out><![CDATA[]]></system-out>

      <system-err><![CDATA[]]></system-err>

  </testsuite>
  <testsuite errors="5" failures="0" hostname="DESKTOP-JNAL68L" id="48" name="TransactionTest" package="simpledb.systemtest" skipped="0" tests="5" time="0.289" timestamp="2021-02-18T16:06:19">
      <properties>
[...]
</properties>

      <testcase classname="simpledb.systemtest.TransactionTest" name="testTenThreads" time="0.099">
          <error message="implement this" type="java.lang.UnsupportedOperationException">java.lang.UnsupportedOperationException: implement this
	at simpledb.HeapFile.getId(HeapFile.java:50)
	at simpledb.systemtest.TransactionTest.validateTransactions(TransactionTest.java:35)
	at simpledb.systemtest.TransactionTest.testTenThreads(TransactionTest.java:226)
	at java.base/jdk.internal.reflect.NativeMethodAccessorImpl.invoke0(Native Method)
	at java.base/jdk.internal.reflect.NativeMethodAccessorImpl.invoke(NativeMethodAccessorImpl.java:62)
	at java.base/jdk.internal.reflect.DelegatingMethodAccessorImpl.invoke(DelegatingMethodAccessorImpl.java:43)
</error>

      </testcase>

      <testcase classname="simpledb.systemtest.TransactionTest" name="testFiveThreads" time="0.005">
          <error message="implement this" type="java.lang.UnsupportedOperationException">java.lang.UnsupportedOperationException: implement this
	at simpledb.HeapFile.getId(HeapFile.java:50)
	at simpledb.systemtest.TransactionTest.validateTransactions(TransactionTest.java:35)
	at simpledb.systemtest.TransactionTest.testFiveThreads(TransactionTest.java:221)
	at java.base/jdk.internal.reflect.NativeMethodAccessorImpl.invoke0(Native Method)
	at java.base/jdk.internal.reflect.NativeMethodAccessorImpl.invoke(NativeMethodAccessorImpl.java:62)
	at java.base/jdk.internal.reflect.DelegatingMethodAccessorImpl.invoke(DelegatingMethodAccessorImpl.java:43)
</error>

      </testcase>

      <testcase classname="simpledb.systemtest.TransactionTest" name="testAllDirtyFails" time="0.046">
          <error type="java.lang.NullPointerException">java.lang.NullPointerException
	at simpledb.TupleIterator.&lt;init&gt;(TupleIterator.java:30)
	at simpledb.systemtest.EvictionTest.insertRow(EvictionTest.java:50)
	at simpledb.systemtest.TransactionTest.testAllDirtyFails(TransactionTest.java:240)
	at java.base/jdk.internal.reflect.NativeMethodAccessorImpl.invoke0(Native Method)
	at java.base/jdk.internal.reflect.NativeMethodAccessorImpl.invoke(NativeMethodAccessorImpl.java:62)
	at java.base/jdk.internal.reflect.DelegatingMethodAccessorImpl.invoke(DelegatingMethodAccessorImpl.java:43)
</error>

      </testcase>

      <testcase classname="simpledb.systemtest.TransactionTest" name="testTwoThreads" time="0.006">
          <error message="implement this" type="java.lang.UnsupportedOperationException">java.lang.UnsupportedOperationException: implement this
	at simpledb.HeapFile.getId(HeapFile.java:50)
	at simpledb.systemtest.TransactionTest.validateTransactions(TransactionTest.java:35)
	at simpledb.systemtest.TransactionTest.testTwoThreads(TransactionTest.java:216)
	at java.base/jdk.internal.reflect.NativeMethodAccessorImpl.invoke0(Native Method)
	at java.base/jdk.internal.reflect.NativeMethodAccessorImpl.invoke(NativeMethodAccessorImpl.java:62)
	at java.base/jdk.internal.reflect.DelegatingMethodAccessorImpl.invoke(DelegatingMethodAccessorImpl.java:43)
</error>

      </testcase>

      <testcase classname="simpledb.systemtest.TransactionTest" name="testSingleThread" time="0.007">
          <error message="implement this" type="java.lang.UnsupportedOperationException">java.lang.UnsupportedOperationException: implement this
	at simpledb.HeapFile.getId(HeapFile.java:50)
	at simpledb.systemtest.TransactionTest.validateTransactions(TransactionTest.java:35)
	at simpledb.systemtest.TransactionTest.testSingleThread(TransactionTest.java:211)
	at java.base/jdk.internal.reflect.NativeMethodAccessorImpl.invoke0(Native Method)
	at java.base/jdk.internal.reflect.NativeMethodAccessorImpl.invoke(NativeMethodAccessorImpl.java:62)
	at java.base/jdk.internal.reflect.DelegatingMethodAccessorImpl.invoke(DelegatingMethodAccessorImpl.java:43)
</error>

      </testcase>

      <system-out><![CDATA[]]></system-out>

      <system-err><![CDATA[]]></system-err>

  </testsuite>
</testsuites>
