<?xml version="1.0" encoding="UTF-8" ?>
<testsuite errors="2" failures="3" hostname="DESKTOP-JNAL68L" name="simpledb.JoinOptimizerTest" skipped="0" tests="5" time="1.24" timestamp="2021-02-18T16:05:54">
  <properties>
[...]
</properties>
  <testcase classname="simpledb.JoinOptimizerTest" name="estimateJoinCardinality" time="0.261">
    <failure type="junit.framework.AssertionFailedError">junit.framework.AssertionFailedError: 
	at simpledb.JoinOptimizerTest.estimateJoinCardinality(JoinOptimizerTest.java:257)
	at java.base/jdk.internal.reflect.NativeMethodAccessorImpl.invoke0(Native Method)
	at java.base/jdk.internal.reflect.NativeMethodAccessorImpl.invoke(NativeMethodAccessorImpl.java:62)
	at java.base/jdk.internal.reflect.DelegatingMethodAccessorImpl.invoke(DelegatingMethodAccessorImpl.java:43)
</failure>
  </testcase>
  <testcase classname="simpledb.JoinOptimizerTest" name="estimateJoinCostTest" time="0.055">
    <failure type="junit.framework.AssertionFailedError">junit.framework.AssertionFailedError: 
	at simpledb.JoinOptimizerTest.getRandomJoinCosts(JoinOptimizerTest.java:98)
	at simpledb.JoinOptimizerTest.checkJoinEstimateCosts(JoinOptimizerTest.java:161)
	at simpledb.JoinOptimizerTest.estimateJoinCostTest(JoinOptimizerTest.java:124)
	at java.base/jdk.internal.reflect.NativeMethodAccessorImpl.invoke0(Native Method)
	at java.base/jdk.internal.reflect.NativeMethodAccessorImpl.invoke(NativeMethodAccessorImpl.java:62)
	at java.base/jdk.internal.reflect.DelegatingMethodAccessorImpl.invoke(DelegatingMethodAccessorImpl.java:43)
</failure>
  </testcase>
  <testcase classname="simpledb.JoinOptimizerTest" name="nonequalityOrderJoinsTest" time="0.084">
    <error message="implement this" type="java.lang.UnsupportedOperationException">java.lang.UnsupportedOperationException: implement this
	at simpledb.HeapFile.getId(HeapFile.java:50)
	at simpledb.JoinOptimizerTest.nonequalityOrderJoinsTest(JoinOptimizerTest.java:572)
	at java.base/jdk.internal.reflect.NativeMethodAccessorImpl.invoke0(Native Method)
	at java.base/jdk.internal.reflect.NativeMethodAccessorImpl.invoke(NativeMethodAccessorImpl.java:62)
	at java.base/jdk.internal.reflect.DelegatingMethodAccessorImpl.invoke(DelegatingMethodAccessorImpl.java:43)
</error>
  </testcase>
  <testcase classname="simpledb.JoinOptimizerTest" name="orderJoinsTest" time="0.525">
    <failure type="junit.framework.AssertionFailedError">junit.framework.AssertionFailedError: 
	at simpledb.JoinOptimizerTest.orderJoinsTest(JoinOptimizerTest.java:369)
	at java.base/jdk.internal.reflect.NativeMethodAccessorImpl.invoke0(Native Method)
	at java.base/jdk.internal.reflect.NativeMethodAccessorImpl.invoke(NativeMethodAccessorImpl.java:62)
	at java.base/jdk.internal.reflect.DelegatingMethodAccessorImpl.invoke(DelegatingMethodAccessorImpl.java:43)
</failure>
  </testcase>
  <testcase classname="simpledb.JoinOptimizerTest" name="bigOrderJoinsTest" time="0.173">
    <error message="implement this" type="java.lang.UnsupportedOperationException">java.lang.UnsupportedOperationException: implement this
	at simpledb.HeapFile.getId(HeapFile.java:50)
	at simpledb.JoinOptimizerTest.bigOrderJoinsTest(JoinOptimizerTest.java:452)
	at java.base/jdk.internal.reflect.NativeMethodAccessorImpl.invoke0(Native Method)
	at java.base/jdk.internal.reflect.NativeMethodAccessorImpl.invoke(NativeMethodAccessorImpl.java:62)
	at java.base/jdk.internal.reflect.DelegatingMethodAccessorImpl.invoke(DelegatingMethodAccessorImpl.java:43)
	at java.base/java.util.concurrent.FutureTask.run(FutureTask.java:264)
	at java.base/java.util.concurrent.ThreadPoolExecutor.runWorker(ThreadPoolExecutor.java:1130)
	at java.base/java.util.concurrent.ThreadPoolExecutor$Worker.run(ThreadPoolExecutor.java:630)
	at java.base/java.lang.Thread.run(Thread.java:832)
</error>
  </testcase>
  <system-out><![CDATA[tableId1: 0
tableId2: 0
Added scan of table t1
Added scan of table t2
Added join between t1.c8 and t2.c7
Added select list field null.*
tableId1: 0
tableId2: 0
Added scan of table t1
Added scan of table t2
Added join between t1.c1 and t2.c2
Added select list field null.*
tableId1: 0
tableId2: 0
tableId1: 0
tableId2: 0
Added scan of table emp
Added scan of table dept
Added scan of table hobbies
Added scan of table hobby
Added join between emp.c1 and dept.c0
Added join between hobbies.c0 and emp.c2
Added join between hobbies.c1 and hobby.c0
Added select list field null.*
tableId1: 0
tableId2: 0
]]></system-out>
  <system-err><![CDATA[]]></system-err>
</testsuite>
